#
# There is insufficient memory for the Java Runtime Environment to continue.
# Native memory allocation (mmap) failed to map 19922944 bytes. Error detail: G1 virtual space
# Possible reasons:
#   The system is out of physical RAM or swap space
#   This process is running with CompressedOops enabled, and the Java Heap may be blocking the growth of the native heap
# Possible solutions:
#   Reduce memory load on the system
#   Increase physical memory or swap space
#   Check if swap backing store is full
#   Decrease Java heap size (-Xmx/-Xms)
#   Decrease number of Java threads
#   Decrease Java thread stack sizes (-Xss)
#   Set larger code cache with -XX:ReservedCodeCacheSize=
#   JVM is running with Unscaled Compressed Oops mode in which the Java heap is
#     placed in the first 4GB address space. The Java Heap base address is the
#     maximum limit for the native heap growth. Please use -XX:HeapBaseMinAddress
#     to set the Java Heap base and to place the Java Heap above 4GB virtual address.
# This output file may be truncated or incomplete.
#
#  Out of Memory Error (os_windows.cpp:3828), pid=13064, tid=11812
#
# JRE version: OpenJDK Runtime Environment (21.0.4) (build 21.0.4+-12508038-b607.1)
# Java VM: OpenJDK 64-Bit Server VM (21.0.4+-12508038-b607.1, mixed mode, tiered, compressed oops, compressed class ptrs, g1 gc, windows-amd64)
# No core dump will be written. Minidumps are not enabled by default on client versions of Windows
#

---------------  S U M M A R Y ------------

Command Line: --add-opens=java.base/java.util=ALL-UNNAMED --add-opens=java.base/java.lang=ALL-UNNAMED --add-opens=java.base/java.lang.invoke=ALL-UNNAMED --add-opens=java.prefs/java.util.prefs=ALL-UNNAMED --add-exports=jdk.compiler/com.sun.tools.javac.api=ALL-UNNAMED --add-exports=jdk.compiler/com.sun.tools.javac.util=ALL-UNNAMED --add-opens=java.base/java.nio.charset=ALL-UNNAMED --add-opens=java.base/java.net=ALL-UNNAMED --add-opens=java.base/java.util.concurrent.atomic=ALL-UNNAMED -Xmx2048m -Dfile.encoding=UTF-8 -Duser.country=MX -Duser.language=es -Duser.variant -javaagent:C:\Users\Usuario\.gradle\wrapper\dists\gradle-8.10.2-bin\a04bxjujx95o3nb99gddekhwo\gradle-8.10.2\lib\agents\gradle-instrumentation-agent-8.10.2.jar org.gradle.launcher.daemon.bootstrap.GradleDaemon 8.10.2

Host: Intel(R) Core(TM) i5-7500T CPU @ 2.70GHz, 4 cores, 7G,  Windows 10 , 64 bit Build 19041 (10.0.19041.5438)
Time: Wed Feb 19 07:23:13 2025 Hora estándar central (México) elapsed time: 6.424498 seconds (0d 0h 0m 6s)

---------------  T H R E A D  ---------------

Current thread (0x00000242f9db5680):  VMThread "VM Thread"          [id=11812, stack(0x00000051abc00000,0x00000051abd00000) (1024K)]

Stack: [0x00000051abc00000,0x00000051abd00000]
Native frames: (J=compiled Java code, j=interpreted, Vv=VM code, C=native code)
V  [jvm.dll+0x6ce539]
V  [jvm.dll+0x85bf03]
V  [jvm.dll+0x85e45e]
V  [jvm.dll+0x85eb43]
V  [jvm.dll+0x27dd06]
V  [jvm.dll+0x6cada5]
V  [jvm.dll+0x6bf27a]
V  [jvm.dll+0x3541fb]
V  [jvm.dll+0x35be36]
V  [jvm.dll+0x3adbc6]
V  [jvm.dll+0x3ade98]
V  [jvm.dll+0x32691c]
V  [jvm.dll+0x3269a7]
V  [jvm.dll+0x36c78c]
V  [jvm.dll+0x36af3e]
V  [jvm.dll+0x326071]
V  [jvm.dll+0x36a650]
V  [jvm.dll+0x8648c8]
V  [jvm.dll+0x865c44]
V  [jvm.dll+0x866180]
V  [jvm.dll+0x866413]
V  [jvm.dll+0x804418]
V  [jvm.dll+0x6cce0d]
C  [ucrtbase.dll+0x21bb2]
C  [KERNEL32.DLL+0x17374]
C  [ntdll.dll+0x4cc91]

VM_Operation (0x00000051ad5fe4d0): G1CollectForAllocation, mode: safepoint, requested by thread 0x000002428f56e6d0


---------------  P R O C E S S  ---------------

Threads class SMR info:
_java_thread_list=0x00000242921eb850, length=41, elements={
0x00000242effcff00, 0x00000242fe023b80, 0x00000242fe06a330, 0x00000242fe06ad90,
0x00000242fe06b7f0, 0x00000242fe06c250, 0x00000242fe050e40, 0x00000242fe053be0,
0x00000242fe07abd0, 0x00000242f9d249f0, 0x00000242fe3e1b40, 0x000002428f572ea0,
0x00000242ff360110, 0x000002428f3b78d0, 0x000002428f568d10, 0x000002428f5975b0,
0x000002428f56f3f0, 0x000002428f5714c0, 0x000002428f56fa80, 0x000002428f570110,
0x000002428f571b50, 0x000002428f56e6d0, 0x000002428f56ed60, 0x000002428f5707a0,
0x0000024290d11e50, 0x0000024290d10410, 0x0000024290d0fd80, 0x0000024290d124e0,
0x0000024290d15ff0, 0x0000024290d10aa0, 0x0000024290d13200, 0x0000024290d13890,
0x0000024290d11130, 0x0000024290d13f20, 0x0000024290d117c0, 0x0000024290d145b0,
0x00000242ffce7080, 0x0000024290d12b70, 0x0000024290d16680, 0x0000024290d15960,
0x0000024290a18130
}

Java Threads: ( => current thread )
  0x00000242effcff00 JavaThread "main"                              [_thread_blocked, id=4668, stack(0x00000051ab500000,0x00000051ab600000) (1024K)]
  0x00000242fe023b80 JavaThread "Reference Handler"          daemon [_thread_blocked, id=10696, stack(0x00000051abd00000,0x00000051abe00000) (1024K)]
  0x00000242fe06a330 JavaThread "Finalizer"                  daemon [_thread_blocked, id=7404, stack(0x00000051abe00000,0x00000051abf00000) (1024K)]
  0x00000242fe06ad90 JavaThread "Signal Dispatcher"          daemon [_thread_blocked, id=12604, stack(0x00000051abf00000,0x00000051ac000000) (1024K)]
  0x00000242fe06b7f0 JavaThread "Attach Listener"            daemon [_thread_blocked, id=9492, stack(0x00000051ac000000,0x00000051ac100000) (1024K)]
  0x00000242fe06c250 JavaThread "Service Thread"             daemon [_thread_blocked, id=13252, stack(0x00000051ac100000,0x00000051ac200000) (1024K)]
  0x00000242fe050e40 JavaThread "Monitor Deflation Thread"   daemon [_thread_blocked, id=6224, stack(0x00000051ac200000,0x00000051ac300000) (1024K)]
  0x00000242fe053be0 JavaThread "C2 CompilerThread0"         daemon [_thread_blocked, id=4500, stack(0x00000051ac300000,0x00000051ac400000) (1024K)]
  0x00000242fe07abd0 JavaThread "C1 CompilerThread0"         daemon [_thread_blocked, id=12496, stack(0x00000051ac400000,0x00000051ac500000) (1024K)]
  0x00000242f9d249f0 JavaThread "Common-Cleaner"             daemon [_thread_blocked, id=12788, stack(0x00000051ac500000,0x00000051ac600000) (1024K)]
  0x00000242fe3e1b40 JavaThread "Notification Thread"        daemon [_thread_blocked, id=9872, stack(0x00000051ac600000,0x00000051ac700000) (1024K)]
  0x000002428f572ea0 JavaThread "Daemon health stats"               [_thread_blocked, id=2644, stack(0x00000051acb00000,0x00000051acc00000) (1024K)]
  0x00000242ff360110 JavaThread "Incoming local TCP Connector on port 50446"        [_thread_in_native, id=13132, stack(0x00000051acc00000,0x00000051acd00000) (1024K)]
  0x000002428f3b78d0 JavaThread "Daemon periodic checks"            [_thread_blocked, id=4904, stack(0x00000051acd00000,0x00000051ace00000) (1024K)]
  0x000002428f568d10 JavaThread "Daemon"                            [_thread_blocked, id=9724, stack(0x00000051ace00000,0x00000051acf00000) (1024K)]
  0x000002428f5975b0 JavaThread "Handler for socket connection from /127.0.0.1:50446 to /127.0.0.1:50447"        [_thread_in_native, id=4728, stack(0x00000051acf00000,0x00000051ad000000) (1024K)]
  0x000002428f56f3f0 JavaThread "Cancel handler"                    [_thread_blocked, id=8356, stack(0x00000051ad000000,0x00000051ad100000) (1024K)]
  0x000002428f5714c0 JavaThread "Daemon worker"                     [_thread_blocked, id=9440, stack(0x00000051ad100000,0x00000051ad200000) (1024K)]
  0x000002428f56fa80 JavaThread "Asynchronous log dispatcher for DefaultDaemonConnection: socket connection from /127.0.0.1:50446 to /127.0.0.1:50447"        [_thread_blocked, id=1240, stack(0x00000051ad200000,0x00000051ad300000) (1024K)]
  0x000002428f570110 JavaThread "Stdin handler"                     [_thread_blocked, id=1884, stack(0x00000051ad300000,0x00000051ad400000) (1024K)]
  0x000002428f571b50 JavaThread "Daemon client event forwarder"        [_thread_blocked, id=8492, stack(0x00000051ad400000,0x00000051ad500000) (1024K)]
  0x000002428f56e6d0 JavaThread "Cache worker for journal cache (C:\Users\Usuario\.gradle\caches\journal-1)"        [_thread_blocked, id=6508, stack(0x00000051ad500000,0x00000051ad600000) (1024K)]
  0x000002428f56ed60 JavaThread "File lock request listener"        [_thread_in_native, id=3728, stack(0x00000051ad600000,0x00000051ad700000) (1024K)]
  0x000002428f5707a0 JavaThread "Cache worker for file hash cache (C:\Users\Usuario\.gradle\caches\8.10.2\fileHashes)"        [_thread_blocked, id=5316, stack(0x00000051ad700000,0x00000051ad800000) (1024K)]
  0x0000024290d11e50 JavaThread "Cache worker for file hash cache (C:\Users\Usuario\Desktop\android2025\Android2025\.gradle\8.10.2\fileHashes)"        [_thread_blocked, id=5572, stack(0x00000051ad800000,0x00000051ad900000) (1024K)]
  0x0000024290d10410 JavaThread "Cache worker for Build Output Cleanup Cache (C:\Users\Usuario\Desktop\android2025\Android2025\.gradle\buildOutputCleanup)"        [_thread_blocked, id=12256, stack(0x00000051ad900000,0x00000051ada00000) (1024K)]
  0x0000024290d0fd80 JavaThread "File watcher server"        daemon [_thread_in_native, id=8152, stack(0x00000051ada00000,0x00000051adb00000) (1024K)]
  0x0000024290d124e0 JavaThread "File watcher consumer"      daemon [_thread_blocked, id=13264, stack(0x00000051adb00000,0x00000051adc00000) (1024K)]
  0x0000024290d15ff0 JavaThread "jar transforms"                    [_thread_blocked, id=12416, stack(0x00000051adc00000,0x00000051add00000) (1024K)]
  0x0000024290d10aa0 JavaThread "jar transforms Thread 2"           [_thread_blocked, id=10448, stack(0x00000051add00000,0x00000051ade00000) (1024K)]
  0x0000024290d13200 JavaThread "jar transforms Thread 3"           [_thread_blocked, id=1572, stack(0x00000051ade00000,0x00000051adf00000) (1024K)]
  0x0000024290d13890 JavaThread "jar transforms Thread 4"           [_thread_blocked, id=3460, stack(0x00000051adf00000,0x00000051ae000000) (1024K)]
  0x0000024290d11130 JavaThread "Cache worker for checksums cache (C:\Users\Usuario\Desktop\android2025\Android2025\.gradle\8.10.2\checksums)"        [_thread_blocked, id=8616, stack(0x00000051ae000000,0x00000051ae100000) (1024K)]
  0x0000024290d13f20 JavaThread "Cache worker for file content cache (C:\Users\Usuario\.gradle\caches\8.10.2\fileContent)"        [_thread_blocked, id=9488, stack(0x00000051ae100000,0x00000051ae200000) (1024K)]
  0x0000024290d117c0 JavaThread "Cache worker for cache directory md-rule (C:\Users\Usuario\.gradle\caches\8.10.2\md-rule)"        [_thread_blocked, id=12016, stack(0x00000051ae200000,0x00000051ae300000) (1024K)]
  0x0000024290d145b0 JavaThread "Cache worker for cache directory md-supplier (C:\Users\Usuario\.gradle\caches\8.10.2\md-supplier)"        [_thread_blocked, id=12164, stack(0x00000051ae300000,0x00000051ae400000) (1024K)]
  0x00000242ffce7080 JavaThread "C2 CompilerThread1"         daemon [_thread_blocked, id=12400, stack(0x00000051ac900000,0x00000051aca00000) (1024K)]
  0x0000024290d12b70 JavaThread "Unconstrained build operations"        [_thread_blocked, id=7328, stack(0x00000051ae400000,0x00000051ae500000) (1024K)]
  0x0000024290d16680 JavaThread "Unconstrained build operations Thread 2"        [_thread_blocked, id=5692, stack(0x00000051ae500000,0x00000051ae600000) (1024K)]
  0x0000024290d15960 JavaThread "Unconstrained build operations Thread 3"        [_thread_blocked, id=7016, stack(0x00000051ae600000,0x00000051ae700000) (1024K)]
  0x0000024290a18130 JavaThread "Unconstrained build operations Thread 4"        [_thread_blocked, id=6928, stack(0x00000051ae700000,0x00000051ae800000) (1024K)]
Total: 41

Other Threads:
=>0x00000242f9db5680 VMThread "VM Thread"                           [id=11812, stack(0x00000051abc00000,0x00000051abd00000) (1024K)]
  0x00000242f9d22c10 WatcherThread "VM Periodic Task Thread"        [id=6268, stack(0x00000051abb00000,0x00000051abc00000) (1024K)]
  0x00000242f00278b0 WorkerThread "GC Thread#0"                     [id=4580, stack(0x00000051ab600000,0x00000051ab700000) (1024K)]
  0x00000242fe5d1000 WorkerThread "GC Thread#1"                     [id=12048, stack(0x00000051ac700000,0x00000051ac800000) (1024K)]
  0x00000242fe5d13a0 WorkerThread "GC Thread#2"                     [id=4240, stack(0x00000051ac800000,0x00000051ac900000) (1024K)]
  0x00000242ff3ae810 WorkerThread "GC Thread#3"                     [id=8704, stack(0x00000051aca00000,0x00000051acb00000) (1024K)]
  0x00000242f0038910 ConcurrentGCThread "G1 Main Marker"            [id=12500, stack(0x00000051ab700000,0x00000051ab800000) (1024K)]
  0x00000242f0039ac0 WorkerThread "G1 Conc#0"                       [id=10560, stack(0x00000051ab800000,0x00000051ab900000) (1024K)]
  0x00000242f9be54e0 ConcurrentGCThread "G1 Refine#0"               [id=7996, stack(0x00000051ab900000,0x00000051aba00000) (1024K)]
  0x00000242f9be5f60 ConcurrentGCThread "G1 Service"                [id=984, stack(0x00000051aba00000,0x00000051abb00000) (1024K)]
Total: 10

Threads with active compile tasks:
Total: 0

VM state: at safepoint (normal execution)

VM Mutex/Monitor currently owned by a thread:  ([mutex/lock_event])
[0x00007ffda2a672f8] Threads_lock - owner thread: 0x00000242f9db5680
[0x00007ffda2a673f8] Heap_lock - owner thread: 0x000002428f56e6d0

Heap address: 0x0000000080000000, size: 2048 MB, Compressed Oops mode: 32-bit

CDS archive(s) not mapped
Compressed class space mapped at: 0x0000000100000000-0x0000000140000000, reserved size: 1073741824
Narrow klass base: 0x0000000000000000, Narrow klass shift: 3, Narrow klass range: 0x140000000

GC Precious Log:
 CardTable entry size: 512
 Card Set container configuration: InlinePtr #cards 5 size 8 Array Of Cards #cards 12 size 40 Howl #buckets 4 coarsen threshold 1843 Howl Bitmap #cards 512 size 80 coarsen threshold 460 Card regions per heap region 1 cards per card region 2048
 CPUs: 4 total, 4 available
 Memory: 8067M
 Large Page Support: Disabled
 NUMA Support: Disabled
 Compressed Oops: Enabled (32-bit)
 Heap Region Size: 1M
 Heap Min Capacity: 8M
 Heap Initial Capacity: 128M
 Heap Max Capacity: 2G
 Pre-touch: Disabled
 Parallel Workers: 4
 Concurrent Workers: 1
 Concurrent Refinement Workers: 4
 Periodic GC: Disabled

Heap:
 garbage-first heap   total 96256K, used 54016K [0x0000000080000000, 0x0000000100000000)
  region size 1024K, 4 young (4096K), 4 survivors (4096K)
 Metaspace       used 55792K, committed 57280K, reserved 1114112K
  class space    used 7605K, committed 8320K, reserved 1048576K

Heap Regions: E=young(eden), S=young(survivor), O=old, HS=humongous(starts), HC=humongous(continues), CS=collection set, F=free, TAMS=top-at-mark-start, PB=parsable bottom
|   0|0x0000000080000000, 0x0000000080100000, 0x0000000080100000|100%|HS|  |TAMS 0x0000000080000000| PB 0x0000000080000000| Complete 
|   1|0x0000000080100000, 0x0000000080200000, 0x0000000080200000|100%|HC|  |TAMS 0x0000000080100000| PB 0x0000000080100000| Complete 
|   2|0x0000000080200000, 0x0000000080300000, 0x0000000080300000|100%|HC|  |TAMS 0x0000000080200000| PB 0x0000000080200000| Complete 
|   3|0x0000000080300000, 0x0000000080400000, 0x0000000080400000|100%|HC|  |TAMS 0x0000000080300000| PB 0x0000000080300000| Complete 
|   4|0x0000000080400000, 0x0000000080500000, 0x0000000080500000|100%| O|  |TAMS 0x0000000080400000| PB 0x0000000080400000| Untracked 
|   5|0x0000000080500000, 0x0000000080600000, 0x0000000080600000|100%| O|  |TAMS 0x0000000080500000| PB 0x0000000080500000| Untracked 
|   6|0x0000000080600000, 0x0000000080700000, 0x0000000080700000|100%| O|  |TAMS 0x0000000080600000| PB 0x0000000080600000| Untracked 
|   7|0x0000000080700000, 0x0000000080800000, 0x0000000080800000|100%|HS|  |TAMS 0x0000000080700000| PB 0x0000000080700000| Complete 
|   8|0x0000000080800000, 0x0000000080900000, 0x0000000080900000|100%| O|  |TAMS 0x0000000080800000| PB 0x0000000080800000| Untracked 
|   9|0x0000000080900000, 0x0000000080a00000, 0x0000000080a00000|100%| O|  |TAMS 0x0000000080900000| PB 0x0000000080900000| Untracked 
|  10|0x0000000080a00000, 0x0000000080b00000, 0x0000000080b00000|100%| O|  |TAMS 0x0000000080a00000| PB 0x0000000080a00000| Untracked 
|  11|0x0000000080b00000, 0x0000000080c00000, 0x0000000080c00000|100%| O|  |TAMS 0x0000000080b00000| PB 0x0000000080b00000| Untracked 
|  12|0x0000000080c00000, 0x0000000080d00000, 0x0000000080d00000|100%| O|  |TAMS 0x0000000080c00000| PB 0x0000000080c00000| Untracked 
|  13|0x0000000080d00000, 0x0000000080e00000, 0x0000000080e00000|100%| O|  |TAMS 0x0000000080d00000| PB 0x0000000080d00000| Untracked 
|  14|0x0000000080e00000, 0x0000000080f00000, 0x0000000080f00000|100%| O|  |TAMS 0x0000000080e00000| PB 0x0000000080e00000| Untracked 
|  15|0x0000000080f00000, 0x0000000081000000, 0x0000000081000000|100%| O|  |TAMS 0x0000000080f00000| PB 0x0000000080f00000| Untracked 
|  16|0x0000000081000000, 0x0000000081100000, 0x0000000081100000|100%| O|  |TAMS 0x0000000081000000| PB 0x0000000081000000| Untracked 
|  17|0x0000000081100000, 0x0000000081200000, 0x0000000081200000|100%| O|  |TAMS 0x0000000081100000| PB 0x0000000081100000| Untracked 
|  18|0x0000000081200000, 0x0000000081300000, 0x0000000081300000|100%| O|  |TAMS 0x0000000081200000| PB 0x0000000081200000| Untracked 
|  19|0x0000000081300000, 0x0000000081400000, 0x0000000081400000|100%| O|  |TAMS 0x0000000081300000| PB 0x0000000081300000| Untracked 
|  20|0x0000000081400000, 0x0000000081500000, 0x0000000081500000|100%| O|  |TAMS 0x0000000081400000| PB 0x0000000081400000| Untracked 
|  21|0x0000000081500000, 0x0000000081600000, 0x0000000081600000|100%|HS|  |TAMS 0x0000000081500000| PB 0x0000000081500000| Complete 
|  22|0x0000000081600000, 0x0000000081700000, 0x0000000081700000|100%|HC|  |TAMS 0x0000000081600000| PB 0x0000000081600000| Complete 
|  23|0x0000000081700000, 0x0000000081800000, 0x0000000081800000|100%|HC|  |TAMS 0x0000000081700000| PB 0x0000000081700000| Complete 
|  24|0x0000000081800000, 0x0000000081900000, 0x0000000081900000|100%|HC|  |TAMS 0x0000000081800000| PB 0x0000000081800000| Complete 
|  25|0x0000000081900000, 0x0000000081a00000, 0x0000000081a00000|100%|HC|  |TAMS 0x0000000081900000| PB 0x0000000081900000| Complete 
|  26|0x0000000081a00000, 0x0000000081b00000, 0x0000000081b00000|100%|HC|  |TAMS 0x0000000081a00000| PB 0x0000000081a00000| Complete 
|  27|0x0000000081b00000, 0x0000000081c00000, 0x0000000081c00000|100%|HS|  |TAMS 0x0000000081b00000| PB 0x0000000081b00000| Complete 
|  28|0x0000000081c00000, 0x0000000081d00000, 0x0000000081d00000|100%|HC|  |TAMS 0x0000000081c00000| PB 0x0000000081c00000| Complete 
|  29|0x0000000081d00000, 0x0000000081e00000, 0x0000000081e00000|100%|HC|  |TAMS 0x0000000081d00000| PB 0x0000000081d00000| Complete 
|  30|0x0000000081e00000, 0x0000000081f00000, 0x0000000081f00000|100%|HS|  |TAMS 0x0000000081e00000| PB 0x0000000081e00000| Complete 
|  31|0x0000000081f00000, 0x0000000082000000, 0x0000000082000000|100%|HC|  |TAMS 0x0000000081f00000| PB 0x0000000081f00000| Complete 
|  32|0x0000000082000000, 0x0000000082100000, 0x0000000082100000|100%| O|  |TAMS 0x0000000082000000| PB 0x0000000082000000| Untracked 
|  33|0x0000000082100000, 0x0000000082200000, 0x0000000082200000|100%| O|  |TAMS 0x0000000082100000| PB 0x0000000082100000| Untracked 
|  34|0x0000000082200000, 0x0000000082300000, 0x0000000082300000|100%| O|  |TAMS 0x0000000082200000| PB 0x0000000082200000| Untracked 
|  35|0x0000000082300000, 0x0000000082400000, 0x0000000082400000|100%|HS|  |TAMS 0x0000000082300000| PB 0x0000000082300000| Complete 
|  36|0x0000000082400000, 0x0000000082500000, 0x0000000082500000|100%| O|  |TAMS 0x0000000082400000| PB 0x0000000082400000| Untracked 
|  37|0x0000000082500000, 0x0000000082600000, 0x0000000082600000|100%| O|  |TAMS 0x0000000082500000| PB 0x0000000082500000| Untracked 
|  38|0x0000000082600000, 0x0000000082600000, 0x0000000082700000|  0%| F|  |TAMS 0x0000000082600000| PB 0x0000000082600000| Untracked 
|  39|0x0000000082700000, 0x0000000082800000, 0x0000000082800000|100%| O|  |TAMS 0x0000000082700000| PB 0x0000000082700000| Untracked 
|  40|0x0000000082800000, 0x0000000082900000, 0x0000000082900000|100%| O|  |TAMS 0x0000000082800000| PB 0x0000000082800000| Untracked 
|  41|0x0000000082900000, 0x0000000082a00000, 0x0000000082a00000|100%| O|  |TAMS 0x0000000082900000| PB 0x0000000082900000| Untracked 
|  42|0x0000000082a00000, 0x0000000082b00000, 0x0000000082b00000|100%| O|  |TAMS 0x0000000082a00000| PB 0x0000000082a00000| Untracked 
|  43|0x0000000082b00000, 0x0000000082c00000, 0x0000000082c00000|100%| O|  |TAMS 0x0000000082b00000| PB 0x0000000082b00000| Untracked 
|  44|0x0000000082c00000, 0x0000000082d00000, 0x0000000082d00000|100%| O|  |TAMS 0x0000000082c00000| PB 0x0000000082c00000| Untracked 
|  45|0x0000000082d00000, 0x0000000082e00000, 0x0000000082e00000|100%| O|  |TAMS 0x0000000082d00000| PB 0x0000000082d00000| Untracked 
|  46|0x0000000082e00000, 0x0000000082f00000, 0x0000000082f00000|100%| O|  |TAMS 0x0000000082e00000| PB 0x0000000082e00000| Untracked 
|  47|0x0000000082f00000, 0x0000000083000000, 0x0000000083000000|100%| O|  |TAMS 0x0000000082f00000| PB 0x0000000082f00000| Untracked 
|  48|0x0000000083000000, 0x0000000083081670, 0x0000000083100000| 50%| O|  |TAMS 0x0000000083000000| PB 0x0000000083000000| Untracked 
|  49|0x0000000083100000, 0x0000000083100000, 0x0000000083200000|  0%| F|  |TAMS 0x0000000083100000| PB 0x0000000083100000| Untracked 
|  50|0x0000000083200000, 0x0000000083200000, 0x0000000083300000|  0%| F|  |TAMS 0x0000000083200000| PB 0x0000000083200000| Untracked 
|  51|0x0000000083300000, 0x0000000083300000, 0x0000000083400000|  0%| F|  |TAMS 0x0000000083300000| PB 0x0000000083300000| Untracked 
|  52|0x0000000083400000, 0x0000000083400000, 0x0000000083500000|  0%| F|  |TAMS 0x0000000083400000| PB 0x0000000083400000| Untracked 
|  53|0x0000000083500000, 0x0000000083600000, 0x0000000083600000|100%| O|  |TAMS 0x0000000083500000| PB 0x0000000083500000| Untracked 
|  54|0x0000000083600000, 0x0000000083700000, 0x0000000083700000|100%| O|  |TAMS 0x0000000083600000| PB 0x0000000083600000| Untracked 
|  55|0x0000000083700000, 0x0000000083700000, 0x0000000083800000|  0%| F|  |TAMS 0x0000000083700000| PB 0x0000000083700000| Untracked 
|  56|0x0000000083800000, 0x0000000083800000, 0x0000000083900000|  0%| F|  |TAMS 0x0000000083800000| PB 0x0000000083800000| Untracked 
|  57|0x0000000083900000, 0x000000008393ec40, 0x0000000083a00000| 24%| S|CS|TAMS 0x0000000083900000| PB 0x0000000083900000| Complete 
|  58|0x0000000083a00000, 0x0000000083b00000, 0x0000000083b00000|100%| S|CS|TAMS 0x0000000083a00000| PB 0x0000000083a00000| Complete 
|  59|0x0000000083b00000, 0x0000000083c00000, 0x0000000083c00000|100%| S|CS|TAMS 0x0000000083b00000| PB 0x0000000083b00000| Complete 
|  60|0x0000000083c00000, 0x0000000083d00000, 0x0000000083d00000|100%| S|CS|TAMS 0x0000000083c00000| PB 0x0000000083c00000| Complete 
|  61|0x0000000083d00000, 0x0000000083d00000, 0x0000000083e00000|  0%| F|  |TAMS 0x0000000083d00000| PB 0x0000000083d00000| Untracked 
|  62|0x0000000083e00000, 0x0000000083e00000, 0x0000000083f00000|  0%| F|  |TAMS 0x0000000083e00000| PB 0x0000000083e00000| Untracked 
|  63|0x0000000083f00000, 0x0000000083f00000, 0x0000000084000000|  0%| F|  |TAMS 0x0000000083f00000| PB 0x0000000083f00000| Untracked 
|  64|0x0000000084000000, 0x0000000084000000, 0x0000000084100000|  0%| F|  |TAMS 0x0000000084000000| PB 0x0000000084000000| Untracked 
|  65|0x0000000084100000, 0x0000000084100000, 0x0000000084200000|  0%| F|  |TAMS 0x0000000084100000| PB 0x0000000084100000| Untracked 
|  66|0x0000000084200000, 0x0000000084200000, 0x0000000084300000|  0%| F|  |TAMS 0x0000000084200000| PB 0x0000000084200000| Untracked 
|  67|0x0000000084300000, 0x0000000084300000, 0x0000000084400000|  0%| F|  |TAMS 0x0000000084300000| PB 0x0000000084300000| Untracked 
|  68|0x0000000084400000, 0x0000000084400000, 0x0000000084500000|  0%| F|  |TAMS 0x0000000084400000| PB 0x0000000084400000| Untracked 
|  69|0x0000000084500000, 0x0000000084500000, 0x0000000084600000|  0%| F|  |TAMS 0x0000000084500000| PB 0x0000000084500000| Untracked 
|  70|0x0000000084600000, 0x0000000084600000, 0x0000000084700000|  0%| F|  |TAMS 0x0000000084600000| PB 0x0000000084600000| Untracked 
|  71|0x0000000084700000, 0x0000000084700000, 0x0000000084800000|  0%| F|  |TAMS 0x0000000084700000| PB 0x0000000084700000| Untracked 
|  72|0x0000000084800000, 0x0000000084800000, 0x0000000084900000|  0%| F|  |TAMS 0x0000000084800000| PB 0x0000000084800000| Untracked 
|  73|0x0000000084900000, 0x0000000084900000, 0x0000000084a00000|  0%| F|  |TAMS 0x0000000084900000| PB 0x0000000084900000| Untracked 
|  74|0x0000000084a00000, 0x0000000084a00000, 0x0000000084b00000|  0%| F|  |TAMS 0x0000000084a00000| PB 0x0000000084a00000| Untracked 
|  75|0x0000000084b00000, 0x0000000084b00000, 0x0000000084c00000|  0%| F|  |TAMS 0x0000000084b00000| PB 0x0000000084b00000| Untracked 
|  76|0x0000000084c00000, 0x0000000084c00000, 0x0000000084d00000|  0%| F|  |TAMS 0x0000000084c00000| PB 0x0000000084c00000| Untracked 
|  77|0x0000000084d00000, 0x0000000084d00000, 0x0000000084e00000|  0%| F|  |TAMS 0x0000000084d00000| PB 0x0000000084d00000| Untracked 
|  78|0x0000000084e00000, 0x0000000084e00000, 0x0000000084f00000|  0%| F|  |TAMS 0x0000000084e00000| PB 0x0000000084e00000| Untracked 
|  79|0x0000000084f00000, 0x0000000084f00000, 0x0000000085000000|  0%| F|  |TAMS 0x0000000084f00000| PB 0x0000000084f00000| Untracked 
|  80|0x0000000085000000, 0x0000000085000000, 0x0000000085100000|  0%| F|  |TAMS 0x0000000085000000| PB 0x0000000085000000| Untracked 
|  81|0x0000000085100000, 0x0000000085100000, 0x0000000085200000|  0%| F|  |TAMS 0x0000000085100000| PB 0x0000000085100000| Untracked 
|  82|0x0000000085200000, 0x0000000085200000, 0x0000000085300000|  0%| F|  |TAMS 0x0000000085200000| PB 0x0000000085200000| Untracked 
|  83|0x0000000085300000, 0x0000000085300000, 0x0000000085400000|  0%| F|  |TAMS 0x0000000085300000| PB 0x0000000085300000| Untracked 
|  84|0x0000000085400000, 0x0000000085400000, 0x0000000085500000|  0%| F|  |TAMS 0x0000000085400000| PB 0x0000000085400000| Untracked 
|  85|0x0000000085500000, 0x0000000085500000, 0x0000000085600000|  0%| F|  |TAMS 0x0000000085500000| PB 0x0000000085500000| Untracked 
|  86|0x0000000085600000, 0x0000000085600000, 0x0000000085700000|  0%| F|  |TAMS 0x0000000085600000| PB 0x0000000085600000| Untracked 
|  87|0x0000000085700000, 0x0000000085700000, 0x0000000085800000|  0%| F|  |TAMS 0x0000000085700000| PB 0x0000000085700000| Untracked 
|  88|0x0000000085800000, 0x0000000085800000, 0x0000000085900000|  0%| F|  |TAMS 0x0000000085800000| PB 0x0000000085800000| Untracked 
|  89|0x0000000085900000, 0x0000000085900000, 0x0000000085a00000|  0%| F|  |TAMS 0x0000000085900000| PB 0x0000000085900000| Untracked 
| 113|0x0000000087100000, 0x0000000087100000, 0x0000000087200000|  0%| F|  |TAMS 0x0000000087100000| PB 0x0000000087100000| Untracked 
| 114|0x0000000087200000, 0x0000000087200000, 0x0000000087300000|  0%| F|  |TAMS 0x0000000087200000| PB 0x0000000087200000| Untracked 
| 126|0x0000000087e00000, 0x0000000087e00000, 0x0000000087f00000|  0%| F|  |TAMS 0x0000000087e00000| PB 0x0000000087e00000| Untracked 
| 127|0x0000000087f00000, 0x0000000087f00000, 0x0000000088000000|  0%| F|  |TAMS 0x0000000087f00000| PB 0x0000000087f00000| Untracked 

Card table byte_map: [0x00000242f5320000,0x00000242f5720000] _byte_map_base: 0x00000242f4f20000

Marking Bits: (CMBitMap*) 0x00000242f0027ec0
 Bits: [0x00000242f5720000, 0x00000242f7720000)

Polling page: 0x00000242efda0000

Metaspace:

Usage:
  Non-class:     47.06 MB used.
      Class:      7.43 MB used.
       Both:     54.48 MB used.

Virtual space:
  Non-class space:       64.00 MB reserved,      47.81 MB ( 75%) committed,  1 nodes.
      Class space:        1.00 GB reserved,       8.12 MB ( <1%) committed,  1 nodes.
             Both:        1.06 GB reserved,      55.94 MB (  5%) committed. 

Chunk freelists:
   Non-Class:  80.00 KB
       Class:  7.69 MB
        Both:  7.77 MB

MaxMetaspaceSize: unlimited
CompressedClassSpaceSize: 1.00 GB
Initial GC threshold: 21.00 MB
Current GC threshold: 84.00 MB
CDS: off
 - commit_granule_bytes: 65536.
 - commit_granule_words: 8192.
 - virtual_space_node_default_size: 8388608.
 - enlarge_chunks_in_place: 1.
 - use_allocation_guard: 0.


Internal statistics:

num_allocs_failed_limit: 3.
num_arena_births: 2716.
num_arena_deaths: 0.
num_vsnodes_births: 2.
num_vsnodes_deaths: 0.
num_space_committed: 895.
num_space_uncommitted: 0.
num_chunks_returned_to_freelist: 3.
num_chunks_taken_from_freelist: 4974.
num_chunk_merges: 3.
num_chunk_splits: 3148.
num_chunks_enlarged: 1879.
num_inconsistent_stats: 0.

CodeHeap 'non-profiled nmethods': size=120000Kb used=2559Kb max_used=2559Kb free=117440Kb
 bounds [0x0000024287ad0000, 0x0000024287d50000, 0x000002428f000000]
CodeHeap 'profiled nmethods': size=120000Kb used=8313Kb max_used=8313Kb free=111686Kb
 bounds [0x0000024280000000, 0x0000024280820000, 0x0000024287530000]
CodeHeap 'non-nmethods': size=5760Kb used=2684Kb max_used=2717Kb free=3075Kb
 bounds [0x0000024287530000, 0x00000242877e0000, 0x0000024287ad0000]
 total_blobs=5242 nmethods=4401 adapters=745
 compilation: enabled
              stopped_count=0, restarted_count=0
 full_count=0

Compilation events (20 events):
Event: 6.413 Thread 0x00000242fe07abd0 5054       3       java.io.FilterOutputStream::<init> (21 bytes)
Event: 6.413 Thread 0x00000242fe07abd0 nmethod 5054 0x0000024280819190 code [0x0000024280819340, 0x0000024280819670]
Event: 6.414 Thread 0x00000242fe07abd0 5055       3       com.esotericsoftware.kryo.io.Output::writeString (125 bytes)
Event: 6.414 Thread 0x00000242fe07abd0 nmethod 5055 0x0000024280819790 code [0x00000242808199c0, 0x000002428081a020]
Event: 6.414 Thread 0x00000242fe07abd0 5056       3       com.google.common.cache.LocalCache$Segment::getEntry (73 bytes)
Event: 6.415 Thread 0x00000242fe07abd0 nmethod 5056 0x000002428081a210 code [0x000002428081a520, 0x000002428081b6b0]
Event: 6.415 Thread 0x00000242fe07abd0 5057       3       com.google.common.cache.LocalCache$Segment::getFirst (21 bytes)
Event: 6.416 Thread 0x00000242fe07abd0 nmethod 5057 0x000002428081bc90 code [0x000002428081bf00, 0x000002428081ca10]
Event: 6.416 Thread 0x00000242fe07abd0 5058       3       java.util.function.Predicate$$Lambda/0x00000001002764f8::test (15 bytes)
Event: 6.416 Thread 0x00000242fe07abd0 nmethod 5058 0x000002428081ce10 code [0x000002428081cfe0, 0x000002428081d438]
Event: 6.416 Thread 0x00000242fe07abd0 5060       3       org.gradle.internal.hash.Hashing$MessageDigestHasher::putLong (16 bytes)
Event: 6.416 Thread 0x00000242fe07abd0 nmethod 5060 0x000002428081d590 code [0x000002428081d7a0, 0x000002428081dd98]
Event: 6.416 Thread 0x00000242fe07abd0 5059       3       org.gradle.internal.snapshot.impl.DirectorySnapshotter$PathVisitor::intern (14 bytes)
Event: 6.416 Thread 0x00000242fe07abd0 nmethod 5059 0x000002428081e010 code [0x000002428081e1c0, 0x000002428081e468]
Event: 6.416 Thread 0x00000242fe07abd0 5061       1       org.gradle.internal.snapshot.RegularFileSnapshot::getHash (5 bytes)
Event: 6.416 Thread 0x00000242fe07abd0 nmethod 5061 0x0000024287d4f490 code [0x0000024287d4f620, 0x0000024287d4f6e8]
Event: 6.418 Thread 0x00000242fe07abd0 5062       1       org.gradle.internal.operations.DefaultBuildOperationListenerManager::access$000 (5 bytes)
Event: 6.418 Thread 0x00000242fe07abd0 nmethod 5062 0x0000024287d4f790 code [0x0000024287d4f920, 0x0000024287d4f9d0]
Event: 6.418 Thread 0x00000242fe07abd0 5063       1       org.gradle.internal.logging.events.ProgressStartEvent::getParentProgressOperationId (5 bytes)
Event: 6.418 Thread 0x00000242fe07abd0 nmethod 5063 0x0000024287d4fa90 code [0x0000024287d4fc20, 0x0000024287d4fce8]

GC Heap History (20 events):
Event: 2.923 GC heap after
{Heap after GC invocations=6 (full 0):
 garbage-first heap   total 71680K, used 22718K [0x0000000080000000, 0x0000000100000000)
  region size 1024K, 4 young (4096K), 4 survivors (4096K)
 Metaspace       used 28223K, committed 28800K, reserved 1114112K
  class space    used 3573K, committed 3840K, reserved 1048576K
}
Event: 3.490 GC heap before
{Heap before GC invocations=6 (full 0):
 garbage-first heap   total 71680K, used 53438K [0x0000000080000000, 0x0000000100000000)
  region size 1024K, 34 young (34816K), 4 survivors (4096K)
 Metaspace       used 32257K, committed 33024K, reserved 1114112K
  class space    used 4246K, committed 4608K, reserved 1048576K
}
Event: 3.495 GC heap after
{Heap after GC invocations=7 (full 0):
 garbage-first heap   total 71680K, used 24869K [0x0000000080000000, 0x0000000100000000)
  region size 1024K, 5 young (5120K), 5 survivors (5120K)
 Metaspace       used 32257K, committed 33024K, reserved 1114112K
  class space    used 4246K, committed 4608K, reserved 1048576K
}
Event: 3.870 GC heap before
{Heap before GC invocations=7 (full 0):
 garbage-first heap   total 71680K, used 56613K [0x0000000080000000, 0x0000000100000000)
  region size 1024K, 27 young (27648K), 5 survivors (5120K)
 Metaspace       used 34873K, committed 35712K, reserved 1114112K
  class space    used 4706K, committed 5120K, reserved 1048576K
}
Event: 3.876 GC heap after
{Heap after GC invocations=8 (full 0):
 garbage-first heap   total 71680K, used 40776K [0x0000000080000000, 0x0000000100000000)
  region size 1024K, 5 young (5120K), 5 survivors (5120K)
 Metaspace       used 34873K, committed 35712K, reserved 1114112K
  class space    used 4706K, committed 5120K, reserved 1048576K
}
Event: 4.308 GC heap before
{Heap before GC invocations=9 (full 0):
 garbage-first heap   total 71680K, used 61256K [0x0000000080000000, 0x0000000100000000)
  region size 1024K, 24 young (24576K), 5 survivors (5120K)
 Metaspace       used 37442K, committed 38400K, reserved 1114112K
  class space    used 5105K, committed 5568K, reserved 1048576K
}
Event: 4.312 GC heap after
{Heap after GC invocations=10 (full 0):
 garbage-first heap   total 71680K, used 43363K [0x0000000080000000, 0x0000000100000000)
  region size 1024K, 2 young (2048K), 2 survivors (2048K)
 Metaspace       used 37442K, committed 38400K, reserved 1114112K
  class space    used 5105K, committed 5568K, reserved 1048576K
}
Event: 4.596 GC heap before
{Heap before GC invocations=10 (full 0):
 garbage-first heap   total 71680K, used 61795K [0x0000000080000000, 0x0000000100000000)
  region size 1024K, 20 young (20480K), 2 survivors (2048K)
 Metaspace       used 39634K, committed 40704K, reserved 1114112K
  class space    used 5469K, committed 6016K, reserved 1048576K
}
Event: 4.599 GC heap after
{Heap after GC invocations=11 (full 0):
 garbage-first heap   total 71680K, used 44103K [0x0000000080000000, 0x0000000100000000)
  region size 1024K, 3 young (3072K), 3 survivors (3072K)
 Metaspace       used 39634K, committed 40704K, reserved 1114112K
  class space    used 5469K, committed 6016K, reserved 1048576K
}
Event: 4.859 GC heap before
{Heap before GC invocations=11 (full 0):
 garbage-first heap   total 71680K, used 62535K [0x0000000080000000, 0x0000000100000000)
  region size 1024K, 21 young (21504K), 3 survivors (3072K)
 Metaspace       used 42321K, committed 43648K, reserved 1114112K
  class space    used 5917K, committed 6592K, reserved 1048576K
}
Event: 4.863 GC heap after
{Heap after GC invocations=12 (full 0):
 garbage-first heap   total 71680K, used 45106K [0x0000000080000000, 0x0000000100000000)
  region size 1024K, 2 young (2048K), 2 survivors (2048K)
 Metaspace       used 42321K, committed 43648K, reserved 1114112K
  class space    used 5917K, committed 6592K, reserved 1048576K
}
Event: 5.215 GC heap before
{Heap before GC invocations=13 (full 0):
 garbage-first heap   total 76800K, used 62514K [0x0000000080000000, 0x0000000100000000)
  region size 1024K, 20 young (20480K), 2 survivors (2048K)
 Metaspace       used 46806K, committed 48064K, reserved 1114112K
  class space    used 6399K, committed 7040K, reserved 1048576K
}
Event: 5.221 GC heap after
{Heap after GC invocations=14 (full 0):
 garbage-first heap   total 76800K, used 47472K [0x0000000080000000, 0x0000000100000000)
  region size 1024K, 3 young (3072K), 3 survivors (3072K)
 Metaspace       used 46806K, committed 48064K, reserved 1114112K
  class space    used 6399K, committed 7040K, reserved 1048576K
}
Event: 5.491 GC heap before
{Heap before GC invocations=14 (full 0):
 garbage-first heap   total 76800K, used 66928K [0x0000000080000000, 0x0000000100000000)
  region size 1024K, 23 young (23552K), 3 survivors (3072K)
 Metaspace       used 48941K, committed 50240K, reserved 1114112K
  class space    used 6629K, committed 7296K, reserved 1048576K
}
Event: 5.497 GC heap after
{Heap after GC invocations=15 (full 0):
 garbage-first heap   total 76800K, used 49862K [0x0000000080000000, 0x0000000100000000)
  region size 1024K, 3 young (3072K), 3 survivors (3072K)
 Metaspace       used 48941K, committed 50240K, reserved 1114112K
  class space    used 6629K, committed 7296K, reserved 1048576K
}
Event: 5.621 GC heap before
{Heap before GC invocations=15 (full 0):
 garbage-first heap   total 76800K, used 65222K [0x0000000080000000, 0x0000000100000000)
  region size 1024K, 20 young (20480K), 3 survivors (3072K)
 Metaspace       used 49461K, committed 50816K, reserved 1114112K
  class space    used 6680K, committed 7360K, reserved 1048576K
}
Event: 5.625 GC heap after
{Heap after GC invocations=16 (full 0):
 garbage-first heap   total 76800K, used 51434K [0x0000000080000000, 0x0000000100000000)
  region size 1024K, 3 young (3072K), 3 survivors (3072K)
 Metaspace       used 49461K, committed 50816K, reserved 1114112K
  class space    used 6680K, committed 7360K, reserved 1048576K
}
Event: 5.929 GC heap before
{Heap before GC invocations=17 (full 0):
 garbage-first heap   total 96256K, used 70890K [0x0000000080000000, 0x0000000100000000)
  region size 1024K, 18 young (18432K), 3 survivors (3072K)
 Metaspace       used 52088K, committed 53504K, reserved 1114112K
  class space    used 6979K, committed 7680K, reserved 1048576K
}
Event: 5.932 GC heap after
{Heap after GC invocations=18 (full 0):
 garbage-first heap   total 96256K, used 52093K [0x0000000080000000, 0x0000000100000000)
  region size 1024K, 2 young (2048K), 2 survivors (2048K)
 Metaspace       used 52088K, committed 53504K, reserved 1114112K
  class space    used 6979K, committed 7680K, reserved 1048576K
}
Event: 6.418 GC heap before
{Heap before GC invocations=18 (full 0):
 garbage-first heap   total 96256K, used 83837K [0x0000000080000000, 0x0000000100000000)
  region size 1024K, 33 young (33792K), 2 survivors (2048K)
 Metaspace       used 55792K, committed 57280K, reserved 1114112K
  class space    used 7605K, committed 8320K, reserved 1048576K
}

Dll operation events (3 events):
Event: 0.009 Loaded shared library C:\Program Files\Android\Android Studio\jbr\bin\java.dll
Event: 0.015 Loaded shared library C:\Program Files\Android\Android Studio\jbr\bin\zip.dll
Event: 0.560 Loaded shared library C:\Program Files\Android\Android Studio\jbr\bin\verify.dll

Deoptimization events (20 events):
Event: 6.352 Thread 0x0000024290d12b70 DEOPT PACKING pc=0x0000024287cd7bf0 sp=0x00000051ae4fd9e0
Event: 6.352 Thread 0x0000024290d12b70 DEOPT UNPACKING pc=0x00000242875846a2 sp=0x00000051ae4fd8c8 mode 2
Event: 6.362 Thread 0x000002428f5714c0 Uncommon trap: trap_request=0xffffff45 fr.pc=0x0000024287c248e4 relative=0x0000000000000be4
Event: 6.362 Thread 0x000002428f5714c0 Uncommon trap: reason=unstable_if action=reinterpret pc=0x0000024287c248e4 method=java.util.concurrent.ConcurrentHashMap.putVal(Ljava/lang/Object;Ljava/lang/Object;Z)Ljava/lang/Object; @ 97 c2
Event: 6.362 Thread 0x000002428f5714c0 DEOPT PACKING pc=0x0000024287c248e4 sp=0x00000051ad1f40b0
Event: 6.362 Thread 0x000002428f5714c0 DEOPT UNPACKING pc=0x00000242875846a2 sp=0x00000051ad1f4038 mode 2
Event: 6.370 Thread 0x000002428f5714c0 Uncommon trap: trap_request=0xffffffde fr.pc=0x0000024287c6ee9c relative=0x00000000000002dc
Event: 6.370 Thread 0x000002428f5714c0 Uncommon trap: reason=class_check action=maybe_recompile pc=0x0000024287c6ee9c method=java.util.Collections$SetFromMap.remove(Ljava/lang/Object;)Z @ 5 c2
Event: 6.370 Thread 0x000002428f5714c0 DEOPT PACKING pc=0x0000024287c6ee9c sp=0x00000051ad1f5e30
Event: 6.370 Thread 0x000002428f5714c0 DEOPT UNPACKING pc=0x00000242875846a2 sp=0x00000051ad1f5e18 mode 2
Event: 6.391 Thread 0x000002428f5714c0 Uncommon trap: trap_request=0xffffff45 fr.pc=0x0000024287c2092c relative=0x000000000000026c
Event: 6.391 Thread 0x000002428f5714c0 Uncommon trap: reason=unstable_if action=reinterpret pc=0x0000024287c2092c method=java.util.concurrent.ConcurrentHashMap.get(Ljava/lang/Object;)Ljava/lang/Object; @ 86 c2
Event: 6.391 Thread 0x000002428f5714c0 DEOPT PACKING pc=0x0000024287c2092c sp=0x00000051ad1f7510
Event: 6.391 Thread 0x000002428f5714c0 DEOPT UNPACKING pc=0x00000242875846a2 sp=0x00000051ad1f7488 mode 2
Event: 6.397 Thread 0x0000024290d15960 Uncommon trap: trap_request=0xffffff45 fr.pc=0x0000024287bd91b8 relative=0x0000000000000178
Event: 6.397 Thread 0x0000024290d15960 Uncommon trap: reason=unstable_if action=reinterpret pc=0x0000024287bd91b8 method=java.util.concurrent.ConcurrentHashMap.addCount(JI)V @ 34 c2
Event: 6.397 Thread 0x0000024290d15960 DEOPT PACKING pc=0x0000024287bd91b8 sp=0x00000051ae6fd710
Event: 6.397 Thread 0x0000024290d15960 DEOPT UNPACKING pc=0x00000242875846a2 sp=0x00000051ae6fd650 mode 2
Event: 6.406 Thread 0x0000024290d15960 DEOPT PACKING pc=0x000002428052aa36 sp=0x00000051ae6fda40
Event: 6.406 Thread 0x0000024290d15960 DEOPT UNPACKING pc=0x0000024287584e42 sp=0x00000051ae6fcf88 mode 0

Classes loaded (20 events):
Event: 6.070 Loading class java/util/PrimitiveIterator done
Event: 6.070 Loading class java/util/PrimitiveIterator$OfInt done
Event: 6.073 Loading class java/util/concurrent/RecursiveAction
Event: 6.073 Loading class java/util/concurrent/RecursiveAction done
Event: 6.256 Loading class java/io/DeleteOnExitHook
Event: 6.257 Loading class java/io/DeleteOnExitHook done
Event: 6.257 Loading class java/io/DeleteOnExitHook$1
Event: 6.257 Loading class java/io/DeleteOnExitHook$1 done
Event: 6.304 Loading class java/util/stream/DistinctOps
Event: 6.305 Loading class java/util/stream/DistinctOps done
Event: 6.305 Loading class java/util/stream/DistinctOps$1
Event: 6.305 Loading class java/util/stream/ReferencePipeline$StatefulOp
Event: 6.305 Loading class java/util/stream/ReferencePipeline$StatefulOp done
Event: 6.305 Loading class java/util/stream/DistinctOps$1 done
Event: 6.306 Loading class java/util/stream/DistinctOps$1$2
Event: 6.306 Loading class java/util/stream/DistinctOps$1$2 done
Event: 6.322 Loading class sun/reflect/ReflectionFactory
Event: 6.322 Loading class sun/reflect/ReflectionFactory done
Event: 6.322 Loading class sun/reflect/ReflectionFactory$1
Event: 6.322 Loading class sun/reflect/ReflectionFactory$1 done

Classes unloaded (0 events):
No events

Classes redefined (0 events):
No events

Internal exceptions (20 events):
Event: 5.993 Thread 0x000002428f5714c0 Exception <a 'java/lang/NoSuchMethodError'{0x0000000087126f30}: 'java.lang.Object java.lang.invoke.DirectMethodHandle$Holder.invokeSpecial(java.lang.Object, java.lang.Object, java.lang.Object, java.lang.Object, java.lang.Object, java.lang.Object, long)'> (0x0000000087126f30) 
thrown [s\src\hotspot\share\interpreter\linkResolver.cpp, line 784]
Event: 5.993 Thread 0x000002428f5714c0 Exception <a 'java/lang/NoSuchMethodError'{0x000000008712ba28}: 'java.lang.Object java.lang.invoke.Invokers$Holder.linkToTargetMethod(java.lang.Object, java.lang.Object, java.lang.Object, java.lang.Object, long, java.lang.Object)'> (0x000000008712ba28) 
thrown [s\src\hotspot\share\interpreter\linkResolver.cpp, line 784]
Event: 5.997 Thread 0x000002428f5714c0 Exception <a 'java/lang/NoSuchMethodError'{0x00000000871745a0}: 'java.lang.Object java.lang.invoke.DirectMethodHandle$Holder.newInvokeSpecial(java.lang.Object, java.lang.Object, java.lang.Object, long)'> (0x00000000871745a0) 
thrown [s\src\hotspot\share\interpreter\linkResolver.cpp, line 784]
Event: 5.997 Thread 0x000002428f5714c0 Exception <a 'java/lang/NoSuchMethodError'{0x00000000871795c8}: 'java.lang.Object java.lang.invoke.DirectMethodHandle$Holder.invokeSpecial(java.lang.Object, java.lang.Object, java.lang.Object, java.lang.Object, long)'> (0x00000000871795c8) 
thrown [s\src\hotspot\share\interpreter\linkResolver.cpp, line 784]
Event: 5.998 Thread 0x000002428f5714c0 Exception <a 'java/lang/NoSuchMethodError'{0x000000008717dca0}: 'java.lang.Object java.lang.invoke.Invokers$Holder.linkToTargetMethod(java.lang.Object, java.lang.Object, long, java.lang.Object)'> (0x000000008717dca0) 
thrown [s\src\hotspot\share\interpreter\linkResolver.cpp, line 784]
Event: 6.029 Thread 0x000002428f5714c0 Exception <a 'java/lang/NoSuchMethodError'{0x00000000858b2650}: 'java.lang.Object java.lang.invoke.DirectMethodHandle$Holder.newInvokeSpecial(java.lang.Object, java.lang.Object, java.lang.Object, java.lang.Object, java.lang.Object, java.lang.Object, java.lang.Object, java.lang.Object, java.lang.Object, java.lang.Object, java.lang.Object, java.lang.Object, java.lang.Object, java.lang.Object, java.lang.Object, java.lang.Object, java.lang.Object, java.lang.Object, java.lang.Object, java.lang.Object, java.lang
Event: 6.066 Thread 0x000002428f5714c0 Implicit null exception at 0x0000024287b7c300 to 0x0000024287b7c3b4
Event: 6.081 Thread 0x000002428f5714c0 Exception <a 'java/lang/ClassNotFoundException'{0x00000000854a5900}: org/gradle/api/internal/artifacts/dsl/dependencies/DefaultDependencyHandler_DecoratedBeanInfo> (0x00000000854a5900) 
thrown [s\src\hotspot\share\classfile\systemDictionary.cpp, line 312]
Event: 6.081 Thread 0x000002428f5714c0 Exception <a 'java/lang/ClassNotFoundException'{0x00000000854bb180}: org/gradle/api/internal/artifacts/dsl/dependencies/DefaultDependencyHandlerBeanInfo> (0x00000000854bb180) 
thrown [s\src\hotspot\share\classfile\systemDictionary.cpp, line 312]
Event: 6.082 Thread 0x000002428f5714c0 Exception <a 'java/lang/ClassNotFoundException'{0x00000000854d0460}: org/gradle/api/internal/artifacts/dsl/dependencies/DefaultDependencyHandlerCustomizer> (0x00000000854d0460) 
thrown [s\src\hotspot\share\classfile\systemDictionary.cpp, line 312]
Event: 6.085 Thread 0x000002428f5714c0 Exception <a 'java/lang/ClassNotFoundException'{0x000000008531a458}: org/gradle/api/internal/artifacts/dsl/dependencies/DefaultDependencyHandler_DecoratedCustomizer> (0x000000008531a458) 
thrown [s\src\hotspot\share\classfile\systemDictionary.cpp, line 312]
Event: 6.088 Thread 0x000002428f5714c0 Exception <a 'java/lang/ClassNotFoundException'{0x000000008535ae90}: sync_studio_tooling2_7udb7wqb9grjj5fp19uxjfd0n$_run_closure1BeanInfo> (0x000000008535ae90) 
thrown [s\src\hotspot\share\classfile\systemDictionary.cpp, line 312]
Event: 6.088 Thread 0x000002428f5714c0 Exception <a 'java/lang/ClassNotFoundException'{0x00000000853622e8}: sync_studio_tooling2_7udb7wqb9grjj5fp19uxjfd0n$_run_closure1Customizer> (0x00000000853622e8) 
thrown [s\src\hotspot\share\classfile\systemDictionary.cpp, line 312]
Event: 6.134 Thread 0x000002428f5714c0 Exception <a 'java/lang/NoSuchMethodError'{0x0000000084f07270}: 'java.lang.Object java.lang.invoke.DirectMethodHandle$Holder.newInvokeSpecial(java.lang.Object, int, java.lang.Object)'> (0x0000000084f07270) 
thrown [s\src\hotspot\share\interpreter\linkResolver.cpp, line 784]
Event: 6.235 Thread 0x000002428f5714c0 Exception <a 'java/lang/NoSuchMethodError'{0x00000000847c6460}: 'java.lang.Object java.lang.invoke.DirectMethodHandle$Holder.invokeSpecial(java.lang.Object, java.lang.Object, long, java.lang.Object, java.lang.Object)'> (0x00000000847c6460) 
thrown [s\src\hotspot\share\interpreter\linkResolver.cpp, line 784]
Event: 6.300 Thread 0x000002428f5714c0 Exception <a 'java/lang/NoSuchMethodError'{0x0000000084320730}: 'int java.lang.invoke.DirectMethodHandle$Holder.invokeInterface(java.lang.Object, java.lang.Object, java.lang.Object, java.lang.Object, java.lang.Object)'> (0x0000000084320730) 
thrown [s\src\hotspot\share\interpreter\linkResolver.cpp, line 784]
Event: 6.300 Thread 0x000002428f5714c0 Exception <a 'java/lang/IncompatibleClassChangeError'{0x0000000084329d80}: Found class java.lang.Object, but interface was expected> (0x0000000084329d80) 
thrown [s\src\hotspot\share\interpreter\linkResolver.cpp, line 851]
Event: 6.327 Thread 0x000002428f5714c0 Exception <a 'java/lang/NoSuchMethodError'{0x0000000084254b10}: 'java.lang.Object java.lang.invoke.DirectMethodHandle$Holder.newInvokeSpecial(java.lang.Object, java.lang.Object, java.lang.Object, java.lang.Object, int, java.lang.Object)'> (0x0000000084254b10) 
thrown [s\src\hotspot\share\interpreter\linkResolver.cpp, line 784]
Event: 6.328 Thread 0x000002428f5714c0 Exception <a 'java/lang/NoSuchMethodError'{0x000000008425d3c0}: 'java.lang.Object java.lang.invoke.Invokers$Holder.linkToTargetMethod(java.lang.Object, java.lang.Object, java.lang.Object, int, java.lang.Object, java.lang.Object)'> (0x000000008425d3c0) 
thrown [s\src\hotspot\share\interpreter\linkResolver.cpp, line 784]
Event: 6.389 Thread 0x000002428f5714c0 Exception <a 'java/lang/NoSuchMethodError'{0x0000000083e08a60}: 'java.lang.Object java.lang.invoke.DirectMethodHandle$Holder.invokeSpecialIFC(java.lang.Object, java.lang.Object, java.lang.Object)'> (0x0000000083e08a60) 
thrown [s\src\hotspot\share\interpreter\linkResolver.cpp, line 784]

ZGC Phase Switch (0 events):
No events

VM Operations (20 events):
Event: 5.334 Executing VM operation: HandshakeAllThreads (Deoptimize) done
Event: 5.415 Executing VM operation: HandshakeAllThreads (Deoptimize)
Event: 5.416 Executing VM operation: HandshakeAllThreads (Deoptimize) done
Event: 5.491 Executing VM operation: G1CollectForAllocation (G1 Evacuation Pause)
Event: 5.497 Executing VM operation: G1CollectForAllocation (G1 Evacuation Pause) done
Event: 5.621 Executing VM operation: G1TryInitiateConcMark (G1 Humongous Allocation)
Event: 5.625 Executing VM operation: G1TryInitiateConcMark (G1 Humongous Allocation) done
Event: 5.664 Executing VM operation: G1PauseRemark
Event: 5.667 Executing VM operation: G1PauseRemark done
Event: 5.683 Executing VM operation: G1PauseCleanup
Event: 5.683 Executing VM operation: G1PauseCleanup done
Event: 5.877 Executing VM operation: HandshakeAllThreads (Deoptimize)
Event: 5.877 Executing VM operation: HandshakeAllThreads (Deoptimize) done
Event: 5.929 Executing VM operation: G1CollectForAllocation (G1 Evacuation Pause)
Event: 5.932 Executing VM operation: G1CollectForAllocation (G1 Evacuation Pause) done
Event: 5.941 Executing VM operation: HandshakeAllThreads (Deoptimize)
Event: 5.941 Executing VM operation: HandshakeAllThreads (Deoptimize) done
Event: 6.305 Executing VM operation: HandshakeAllThreads (Deoptimize)
Event: 6.306 Executing VM operation: HandshakeAllThreads (Deoptimize) done
Event: 6.418 Executing VM operation: G1CollectForAllocation (G1 Evacuation Pause)

Memory protections (0 events):
No events

Nmethod flushes (20 events):
Event: 5.666 Thread 0x00000242f9db5680 flushing  nmethod 0x0000024280146690
Event: 5.666 Thread 0x00000242f9db5680 flushing  nmethod 0x0000024280147a90
Event: 5.666 Thread 0x00000242f9db5680 flushing  nmethod 0x0000024280168890
Event: 5.666 Thread 0x00000242f9db5680 flushing  nmethod 0x00000242801a0910
Event: 5.666 Thread 0x00000242f9db5680 flushing  nmethod 0x00000242801c6c90
Event: 5.666 Thread 0x00000242f9db5680 flushing  nmethod 0x00000242801c9d90
Event: 5.666 Thread 0x00000242f9db5680 flushing  nmethod 0x00000242801ca310
Event: 5.666 Thread 0x00000242f9db5680 flushing  nmethod 0x0000024280250510
Event: 5.666 Thread 0x00000242f9db5680 flushing  nmethod 0x0000024280307910
Event: 5.666 Thread 0x00000242f9db5680 flushing  nmethod 0x0000024280309590
Event: 5.666 Thread 0x00000242f9db5680 flushing  nmethod 0x000002428038ef10
Event: 5.666 Thread 0x00000242f9db5680 flushing  nmethod 0x000002428039a790
Event: 5.666 Thread 0x00000242f9db5680 flushing  nmethod 0x00000242803c6590
Event: 5.666 Thread 0x00000242f9db5680 flushing  nmethod 0x00000242804a0b10
Event: 5.666 Thread 0x00000242f9db5680 flushing  nmethod 0x00000242804a1090
Event: 5.666 Thread 0x00000242f9db5680 flushing  nmethod 0x000002428051b610
Event: 5.666 Thread 0x00000242f9db5680 flushing  nmethod 0x00000242805e3e10
Event: 5.666 Thread 0x00000242f9db5680 flushing  nmethod 0x0000024280696f90
Event: 5.666 Thread 0x00000242f9db5680 flushing  nmethod 0x0000024280697610
Event: 5.666 Thread 0x00000242f9db5680 flushing  nmethod 0x0000024280697910

Events (20 events):
Event: 2.536 Thread 0x000002428f5714c0 Thread added: 0x000002428f56ed60
Event: 2.566 Thread 0x000002428f5714c0 Thread added: 0x000002428f5707a0
Event: 3.439 Thread 0x000002428f5714c0 Thread added: 0x0000024290d11e50
Event: 3.457 Thread 0x000002428f5714c0 Thread added: 0x0000024290d10410
Event: 3.633 Thread 0x000002428f5714c0 Thread added: 0x0000024290d0fd80
Event: 3.638 Thread 0x000002428f5714c0 Thread added: 0x0000024290d124e0
Event: 3.720 Thread 0x000002428f5714c0 Thread added: 0x0000024290d15ff0
Event: 3.721 Thread 0x000002428f5714c0 Thread added: 0x0000024290d10aa0
Event: 3.721 Thread 0x000002428f5714c0 Thread added: 0x0000024290d13200
Event: 3.721 Thread 0x000002428f5714c0 Thread added: 0x0000024290d13890
Event: 4.404 Thread 0x000002428f5714c0 Thread added: 0x0000024290d11130
Event: 4.432 Thread 0x000002428f5714c0 Thread added: 0x0000024290d13f20
Event: 4.587 Thread 0x000002428f5714c0 Thread added: 0x0000024290d117c0
Event: 4.685 Thread 0x000002428f5714c0 Thread added: 0x0000024290d145b0
Event: 5.325 Thread 0x00000242ffce7080 Thread exited: 0x00000242ffce7080
Event: 5.354 Thread 0x00000242fe07abd0 Thread added: 0x00000242ffce7080
Event: 6.350 Thread 0x000002428f5714c0 Thread added: 0x0000024290d12b70
Event: 6.351 Thread 0x000002428f5714c0 Thread added: 0x0000024290d16680
Event: 6.390 Thread 0x000002428f5714c0 Thread added: 0x0000024290d15960
Event: 6.390 Thread 0x000002428f5714c0 Thread added: 0x0000024290a18130


Dynamic libraries:
0x00007ff644450000 - 0x00007ff64445a000 	C:\Program Files\Android\Android Studio\jbr\bin\java.exe
0x00007ffe40250000 - 0x00007ffe40448000 	C:\Windows\SYSTEM32\ntdll.dll
0x00007ffe3e2e0000 - 0x00007ffe3e3a2000 	C:\Windows\System32\KERNEL32.DLL
0x00007ffe3dc50000 - 0x00007ffe3df4f000 	C:\Windows\System32\KERNELBASE.dll
0x00007ffe3e120000 - 0x00007ffe3e220000 	C:\Windows\System32\ucrtbase.dll
0x00007ffe083c0000 - 0x00007ffe083d8000 	C:\Program Files\Android\Android Studio\jbr\bin\jli.dll
0x00007ffde3cf0000 - 0x00007ffde3d0b000 	C:\Program Files\Android\Android Studio\jbr\bin\VCRUNTIME140.dll
0x00007ffe3f770000 - 0x00007ffe3f90d000 	C:\Windows\System32\USER32.dll
0x00007ffe3d8f0000 - 0x00007ffe3d912000 	C:\Windows\System32\win32u.dll
0x00007ffe3f740000 - 0x00007ffe3f76b000 	C:\Windows\System32\GDI32.dll
0x00007ffe18250000 - 0x00007ffe184ea000 	C:\Windows\WinSxS\amd64_microsoft.windows.common-controls_6595b64144ccf1df_6.0.19041.4355_none_60b8b9eb71f62e16\COMCTL32.dll
0x00007ffe3df50000 - 0x00007ffe3e06a000 	C:\Windows\System32\gdi32full.dll
0x00007ffe3dbb0000 - 0x00007ffe3dc4d000 	C:\Windows\System32\msvcp_win.dll
0x00007ffe3ff80000 - 0x00007ffe4001e000 	C:\Windows\System32\msvcrt.dll
0x00007ffe3f910000 - 0x00007ffe3f93f000 	C:\Windows\System32\IMM32.DLL
0x00007ffdf5460000 - 0x00007ffdf546c000 	C:\Program Files\Android\Android Studio\jbr\bin\vcruntime140_1.dll
0x00007ffda0150000 - 0x00007ffda01dd000 	C:\Program Files\Android\Android Studio\jbr\bin\msvcp140.dll
0x00007ffda1ec0000 - 0x00007ffda2b43000 	C:\Program Files\Android\Android Studio\jbr\bin\server\jvm.dll
0x00007ffe3f940000 - 0x00007ffe3f9ef000 	C:\Windows\System32\ADVAPI32.dll
0x00007ffe3ed70000 - 0x00007ffe3ee0f000 	C:\Windows\System32\sechost.dll
0x00007ffe3e440000 - 0x00007ffe3e563000 	C:\Windows\System32\RPCRT4.dll
0x00007ffe3db80000 - 0x00007ffe3dba7000 	C:\Windows\System32\bcrypt.dll
0x00007ffe3fde0000 - 0x00007ffe3fe4b000 	C:\Windows\System32\WS2_32.dll
0x00007ffe293e0000 - 0x00007ffe29407000 	C:\Windows\SYSTEM32\WINMM.dll
0x00007ffe388c0000 - 0x00007ffe388ca000 	C:\Windows\SYSTEM32\VERSION.dll
0x00007ffe3d6a0000 - 0x00007ffe3d6eb000 	C:\Windows\SYSTEM32\POWRPROF.dll
0x00007ffe3d680000 - 0x00007ffe3d692000 	C:\Windows\SYSTEM32\UMPDC.dll
0x00007ffe3b750000 - 0x00007ffe3b762000 	C:\Windows\SYSTEM32\kernel.appcore.dll
0x00007ffdf4500000 - 0x00007ffdf450a000 	C:\Program Files\Android\Android Studio\jbr\bin\jimage.dll
0x00007ffe2d3b0000 - 0x00007ffe2d594000 	C:\Windows\SYSTEM32\DBGHELP.DLL
0x00007ffe2d370000 - 0x00007ffe2d3a4000 	C:\Windows\SYSTEM32\dbgcore.DLL
0x00007ffe3da80000 - 0x00007ffe3db02000 	C:\Windows\System32\bcryptPrimitives.dll
0x00007ffe03690000 - 0x00007ffe0369e000 	C:\Program Files\Android\Android Studio\jbr\bin\instrument.dll
0x00007ffde3c00000 - 0x00007ffde3c20000 	C:\Program Files\Android\Android Studio\jbr\bin\java.dll
0x00007ffde3450000 - 0x00007ffde3468000 	C:\Program Files\Android\Android Studio\jbr\bin\zip.dll
0x00007ffe3efd0000 - 0x00007ffe3f73d000 	C:\Windows\System32\SHELL32.dll
0x00007ffe3b950000 - 0x00007ffe3c0f4000 	C:\Windows\SYSTEM32\windows.storage.dll
0x00007ffe3f9f0000 - 0x00007ffe3fd45000 	C:\Windows\System32\combase.dll
0x00007ffe3d170000 - 0x00007ffe3d19f000 	C:\Windows\SYSTEM32\Wldp.dll
0x00007ffe40020000 - 0x00007ffe400ed000 	C:\Windows\System32\OLEAUT32.dll
0x00007ffe3e620000 - 0x00007ffe3e6cd000 	C:\Windows\System32\SHCORE.dll
0x00007ffe3e3e0000 - 0x00007ffe3e435000 	C:\Windows\System32\shlwapi.dll
0x00007ffe3d820000 - 0x00007ffe3d844000 	C:\Windows\SYSTEM32\profapi.dll
0x00007ffdf43c0000 - 0x00007ffdf43d0000 	C:\Program Files\Android\Android Studio\jbr\bin\net.dll
0x00007ffe377d0000 - 0x00007ffe378da000 	C:\Windows\SYSTEM32\WINHTTP.dll
0x00007ffe3cf50000 - 0x00007ffe3cfbc000 	C:\Windows\system32\mswsock.dll
0x00007ffdde870000 - 0x00007ffdde886000 	C:\Program Files\Android\Android Studio\jbr\bin\nio.dll
0x00007ffe0a0b0000 - 0x00007ffe0a0c0000 	C:\Program Files\Android\Android Studio\jbr\bin\verify.dll
0x00007ffe02cb0000 - 0x00007ffe02cd7000 	C:\Users\Usuario\.gradle\native\c067742578af261105cb4f569cf0c3c89f3d7b1fecec35dd04571415982c5e48\windows-amd64\native-platform.dll
0x00007ffd9eff0000 - 0x00007ffd9f134000 	C:\Users\Usuario\.gradle\native\100fb08df4bc3b14c8652ba06237920a3bd2aa13389f12d3474272988ae205f9\windows-amd64\native-platform-file-events.dll
0x00007ffde34a0000 - 0x00007ffde34a9000 	C:\Program Files\Android\Android Studio\jbr\bin\management.dll
0x00007ffddaee0000 - 0x00007ffddaeeb000 	C:\Program Files\Android\Android Studio\jbr\bin\management_ext.dll
0x00007ffe3e2d0000 - 0x00007ffe3e2d8000 	C:\Windows\System32\PSAPI.DLL
0x00007ffe3d1b0000 - 0x00007ffe3d1c8000 	C:\Windows\SYSTEM32\CRYPTSP.dll
0x00007ffe3c890000 - 0x00007ffe3c8c4000 	C:\Windows\system32\rsaenh.dll
0x00007ffe3d7e0000 - 0x00007ffe3d80e000 	C:\Windows\SYSTEM32\USERENV.dll
0x00007ffe3d0e0000 - 0x00007ffe3d0ec000 	C:\Windows\SYSTEM32\CRYPTBASE.dll
0x00007ffe3cc50000 - 0x00007ffe3cc8b000 	C:\Windows\SYSTEM32\IPHLPAPI.DLL
0x00007ffe3ed60000 - 0x00007ffe3ed68000 	C:\Windows\System32\NSI.dll
0x00007ffde3630000 - 0x00007ffde3639000 	C:\Program Files\Android\Android Studio\jbr\bin\extnet.dll
0x00007ffde7690000 - 0x00007ffde7697000 	C:\Windows\system32\wshunix.dll

dbghelp: loaded successfully - version: 4.0.5 - missing functions: none
symbol engine: initialized successfully - sym options: 0x614 - pdb path: .;C:\Program Files\Android\Android Studio\jbr\bin;C:\Windows\SYSTEM32;C:\Windows\WinSxS\amd64_microsoft.windows.common-controls_6595b64144ccf1df_6.0.19041.4355_none_60b8b9eb71f62e16;C:\Program Files\Android\Android Studio\jbr\bin\server;C:\Users\Usuario\.gradle\native\c067742578af261105cb4f569cf0c3c89f3d7b1fecec35dd04571415982c5e48\windows-amd64;C:\Users\Usuario\.gradle\native\100fb08df4bc3b14c8652ba06237920a3bd2aa13389f12d3474272988ae205f9\windows-amd64

VM Arguments:
jvm_args: --add-opens=java.base/java.util=ALL-UNNAMED --add-opens=java.base/java.lang=ALL-UNNAMED --add-opens=java.base/java.lang.invoke=ALL-UNNAMED --add-opens=java.prefs/java.util.prefs=ALL-UNNAMED --add-exports=jdk.compiler/com.sun.tools.javac.api=ALL-UNNAMED --add-exports=jdk.compiler/com.sun.tools.javac.util=ALL-UNNAMED --add-opens=java.base/java.nio.charset=ALL-UNNAMED --add-opens=java.base/java.net=ALL-UNNAMED --add-opens=java.base/java.util.concurrent.atomic=ALL-UNNAMED -Xmx2048m -Dfile.encoding=UTF-8 -Duser.country=MX -Duser.language=es -Duser.variant -javaagent:C:\Users\Usuario\.gradle\wrapper\dists\gradle-8.10.2-bin\a04bxjujx95o3nb99gddekhwo\gradle-8.10.2\lib\agents\gradle-instrumentation-agent-8.10.2.jar 
java_command: org.gradle.launcher.daemon.bootstrap.GradleDaemon 8.10.2
java_class_path (initial): C:\Users\Usuario\.gradle\wrapper\dists\gradle-8.10.2-bin\a04bxjujx95o3nb99gddekhwo\gradle-8.10.2\lib\gradle-daemon-main-8.10.2.jar
Launcher Type: SUN_STANDARD

[Global flags]
     intx CICompilerCount                          = 3                                         {product} {ergonomic}
     uint ConcGCThreads                            = 1                                         {product} {ergonomic}
     uint G1ConcRefinementThreads                  = 4                                         {product} {ergonomic}
   size_t G1HeapRegionSize                         = 1048576                                   {product} {ergonomic}
    uintx GCDrainStackTargetSize                   = 64                                        {product} {ergonomic}
   size_t InitialHeapSize                          = 134217728                                 {product} {ergonomic}
   size_t MarkStackSize                            = 4194304                                   {product} {ergonomic}
   size_t MaxHeapSize                              = 2147483648                                {product} {command line}
   size_t MaxNewSize                               = 1287651328                                {product} {ergonomic}
   size_t MinHeapDeltaBytes                        = 1048576                                   {product} {ergonomic}
   size_t MinHeapSize                              = 8388608                                   {product} {ergonomic}
    uintx NonNMethodCodeHeapSize                   = 5832780                                {pd product} {ergonomic}
    uintx NonProfiledCodeHeapSize                  = 122912730                              {pd product} {ergonomic}
    uintx ProfiledCodeHeapSize                     = 122912730                              {pd product} {ergonomic}
    uintx ReservedCodeCacheSize                    = 251658240                              {pd product} {ergonomic}
     bool SegmentedCodeCache                       = true                                      {product} {ergonomic}
   size_t SoftMaxHeapSize                          = 2147483648                             {manageable} {ergonomic}
     bool UseCompressedOops                        = true                           {product lp64_product} {ergonomic}
     bool UseG1GC                                  = true                                      {product} {ergonomic}
     bool UseLargePagesIndividualAllocation        = false                                  {pd product} {ergonomic}

Logging:
Log output configuration:
 #0: stdout all=warning uptime,level,tags foldmultilines=false
 #1: stderr all=off uptime,level,tags foldmultilines=false

Environment Variables:
JAVA_HOME=C:\Program Files\Java\jdk-17
PATH=C:\Program Files\Java\jdk-17\bin;C:\Program Files (x86)\VMware\VMware Player\bin\;C:\oraclexe\app\oracle\product\11.2.0\server\bin;C:\Windows\system32;C:\Windows;C:\Windows\System32\Wbem;C:\Windows\System32\WindowsPowerShell\v1.0\;C:\Windows\System32\OpenSSH\;C:\Program Files (x86)\Firebird\Firebird_2_5\bin\;C:\Program Files (x86)\Aspel\Aspel-SAE 8.0\;;C:\Program Files\Docker\Docker\resources\bin;C:\Program Files (x86)\Aspel\Aspel-COI 9.0\;C:\Program Files (x86)\Aspel\Aspel-NOI 10.0\;C:\Program Files (x86)\Aspel\Aspel-CAJA 4.0\;C:\Program Files (x86)\Aspel\Aspel-BANCO 5.0\;C:\Program Files (x86)\Microsoft SQL Server\160\DTS\Binn\;C:\Program Files\PuTTY\;C:\Users\Usuario\AppData\Local\Programs\Python\Python313\Scripts\;C:\Users\Usuario\AppData\Local\Programs\Python\Python313\;C:\Users\Usuario\AppData\Local\Microsoft\WindowsApps;C:\Users\Usuario\AppData\Local\Programs\Microsoft VS Code\bin
USERNAME=Usuario
OS=Windows_NT
PROCESSOR_IDENTIFIER=Intel64 Family 6 Model 158 Stepping 9, GenuineIntel
TMP=C:\Users\Usuario\AppData\Local\Temp
TEMP=C:\Users\Usuario\AppData\Local\Temp




Periodic native trim disabled

JNI global refs:
JNI global refs: 25, weak refs: 0

JNI global refs memory usage: 835, weak refs: 833

Process memory usage:
Resident Set Size: 263200K (3% of 8260828K total physical memory with 613264K free physical memory)

OOME stack traces (most recent first):
Classloader memory used:
Loader org.gradle.internal.classloader.VisitableURLClassLoader                         : 25825K
Loader bootstrap                                                                       : 21912K
Loader org.gradle.initialization.MixInLegacyTypesClassLoader                           : 6368K
Loader org.gradle.internal.classloader.VisitableURLClassLoader                         : 702K
Loader jdk.internal.loader.ClassLoaders$PlatformClassLoader                            : 552K
Loader jdk.internal.loader.ClassLoaders$AppClassLoader                                 : 234K
Loader jdk.internal.reflect.DelegatingClassLoader                                      : 154K
Loader org.gradle.groovy.scripts.internal.DefaultScriptCompilationHandler$ScriptClassLoader: 35832B
Loader org.codehaus.groovy.runtime.callsite.CallSiteClassLoader                        : 7168B

Classes loaded by more than one classloader:
Class org.gradle.api.GradleException                                                  : loaded 3 times (x 78B)
Class org.gradle.internal.classloader.ClassLoaderHierarchy                            : loaded 2 times (x 66B)
Class org.gradle.api.internal.classpath.ManifestUtil                                  : loaded 2 times (x 67B)
Class org.gradle.internal.operations.MultipleBuildOperationFailures                   : loaded 2 times (x 91B)
Class org.gradle.internal.classloader.DefaultClassLoaderFactory                       : loaded 2 times (x 78B)
Class kotlin.collections.AbstractList$Companion                                       : loaded 2 times (x 67B)
Class org.gradle.internal.classloader.ClassLoaderVisitor                              : loaded 2 times (x 72B)
Class org.gradle.api.internal.classpath.EffectiveClassPath                            : loaded 2 times (x 86B)
Class org.gradle.api.internal.DefaultClassPathProvider                                : loaded 2 times (x 72B)
Class [Lorg.gradle.api.internal.ClassPathProvider;                                    : loaded 2 times (x 65B)
Class org.gradle.api.internal.ClassPathProvider                                       : loaded 2 times (x 66B)
Class org.gradle.internal.service.UnknownServiceException                             : loaded 2 times (x 79B)
Class org.gradle.internal.classpath.TransformedClassPath                              : loaded 2 times (x 92B)
Class org.gradle.internal.classloader.InstrumentingClassLoader                        : loaded 2 times (x 66B)
Class kotlin.enums.EnumEntriesList                                                    : loaded 2 times (x 219B)
Class org.gradle.internal.service.ServiceLocator                                      : loaded 2 times (x 66B)
Class org.gradle.internal.InternalTransformer                                         : loaded 2 times (x 66B)
Class org.gradle.internal.time.DefaultTimer                                           : loaded 2 times (x 76B)
Class org.gradle.internal.classloader.ClasspathUtil$1                                 : loaded 2 times (x 72B)
Class org.gradle.api.internal.classpath.DefaultModuleRegistry$DefaultModule           : loaded 2 times (x 82B)
Class org.gradle.internal.time.DefaultCountdownTimer                                  : loaded 2 times (x 84B)
Class kotlin.Function                                                                 : loaded 2 times (x 66B)
Class org.gradle.api.internal.classpath.Module                                        : loaded 2 times (x 66B)
Class org.gradle.api.internal.classpath.UnknownModuleException                        : loaded 2 times (x 78B)
Class org.gradle.api.internal.DefaultClassPathRegistry                                : loaded 2 times (x 72B)
Class org.gradle.api.internal.ClassPathRegistry                                       : loaded 2 times (x 66B)
Class org.gradle.internal.classpath.DefaultClassPath$ImmutableUniqueList              : loaded 2 times (x 195B)
Class org.gradle.internal.classpath.ClassPath                                         : loaded 2 times (x 66B)
Class org.gradle.api.UncheckedIOException                                             : loaded 2 times (x 78B)
Class kotlin.UninitializedPropertyAccessException                                     : loaded 2 times (x 78B)
Class org.gradle.internal.installation.GradleInstallation$1                           : loaded 2 times (x 71B)
Class org.gradle.api.internal.classpath.ModuleRegistry                                : loaded 2 times (x 66B)
Class org.gradle.api.internal.classpath.DefaultModuleRegistry                         : loaded 2 times (x 82B)
Class org.gradle.internal.time.MonotonicClock                                         : loaded 2 times (x 73B)
Class org.gradle.internal.service.ServiceLookupException                              : loaded 2 times (x 78B)
Class org.gradle.internal.classloader.ClassLoaderFactory                              : loaded 2 times (x 66B)
Class org.gradle.internal.service.CachingServiceLocator                               : loaded 2 times (x 78B)
Class org.gradle.internal.time.TimeSource                                             : loaded 2 times (x 66B)
Class kotlin.enums.EnumEntries                                                        : loaded 2 times (x 66B)
Class org.gradle.internal.exceptions.ResolutionProvider                               : loaded 2 times (x 66B)
Class org.gradle.internal.classloader.ClasspathUtil                                   : loaded 2 times (x 67B)
Class org.gradle.internal.time.TimeSource$1                                           : loaded 2 times (x 73B)
Class org.gradle.api.specs.Spec                                                       : loaded 2 times (x 66B)
Class org.gradle.internal.time.Clock                                                  : loaded 2 times (x 66B)
Class kotlin.collections.AbstractList                                                 : loaded 2 times (x 193B)
Class kotlin.collections.AbstractCollection                                           : loaded 2 times (x 113B)
Class org.gradle.internal.classloader.VisitableURLClassLoader$InstrumentingVisitableURLClassLoader: loaded 2 times (x 119B)
Class org.gradle.internal.classloader.VisitableURLClassLoader$Spec                    : loaded 2 times (x 70B)
Class org.gradle.internal.classpath.DefaultClassPath                                  : loaded 2 times (x 86B)
Class org.gradle.internal.classloader.ClassLoaderSpec                                 : loaded 2 times (x 67B)
Class org.gradle.internal.classloader.VisitableURLClassLoader                         : loaded 2 times (x 113B)
Class org.gradle.internal.Cast                                                        : loaded 2 times (x 67B)
Class org.gradle.api.Action                                                           : loaded 2 times (x 66B)
Class org.gradle.internal.classpath.DefaultClassPath$ImmutableUniqueList$Builder      : loaded 2 times (x 71B)
Class org.gradle.internal.classloader.FilteringClassLoader                            : loaded 2 times (x 101B)
Class org.gradle.internal.exceptions.NonGradleCauseExceptionsHolder                   : loaded 2 times (x 66B)
Class kotlin.enums.EnumEntriesKt                                                      : loaded 2 times (x 67B)
Class org.gradle.internal.IoActions                                                   : loaded 2 times (x 67B)
Class org.gradle.internal.classloader.SystemClassLoaderSpec                           : loaded 2 times (x 67B)
Class org.gradle.internal.exceptions.MultiCauseException                              : loaded 2 times (x 66B)
Class org.gradle.internal.time.CountdownTimer                                         : loaded 2 times (x 66B)
Class kotlin.jvm.internal.Intrinsics                                                  : loaded 2 times (x 67B)
Class org.gradle.tooling.model.ProjectModel                                           : loaded 2 times (x 66B)
Class kotlin.KotlinNullPointerException                                               : loaded 2 times (x 79B)
Class org.gradle.internal.exceptions.DefaultMultiCauseException                       : loaded 2 times (x 91B)
Class org.gradle.internal.time.Time                                                   : loaded 2 times (x 67B)
Class org.gradle.api.internal.classpath.GlobalCacheRootsProvider                      : loaded 2 times (x 66B)
Class org.gradle.internal.time.Timer                                                  : loaded 2 times (x 66B)
Class kotlin.jvm.internal.markers.KMappedMarker                                       : loaded 2 times (x 66B)
Class org.gradle.internal.installation.CurrentGradleInstallationLocator               : loaded 2 times (x 67B)
Class org.gradle.internal.service.DefaultServiceLocator                               : loaded 2 times (x 79B)
Class org.gradle.util.GradleVersion                                                   : loaded 2 times (x 79B)
Class org.gradle.internal.installation.CurrentGradleInstallation                      : loaded 2 times (x 69B)
Class org.gradle.util.internal.GUtil                                                  : loaded 2 times (x 67B)
Class org.gradle.internal.installation.GradleInstallation                             : loaded 2 times (x 71B)

---------------  S Y S T E M  ---------------

OS:
 Windows 10 , 64 bit Build 19041 (10.0.19041.5438)
OS uptime: 0 days 0:10 hours
Hyper-V role detected

CPU: total 4 (initial active 4) (4 cores per cpu, 1 threads per core) family 6 model 158 stepping 9 microcode 0xf2, cx8, cmov, fxsr, mmx, 3dnowpref, sse, sse2, sse3, ssse3, sse4.1, sse4.2, popcnt, lzcnt, tsc, tscinvbit, avx, avx2, aes, erms, clmul, bmi1, bmi2, rtm, adx, fma, vzeroupper, clflush, clflushopt, hv, rdtscp, f16c
Processor Information for all 4 processors :
  Max Mhz: 2712, Current Mhz: 2712, Mhz Limit: 2712

Memory: 4k page, system-wide physical 8067M (597M free)
TotalPageFile size 8804M (AvailPageFile size 6M)
current process WorkingSet (physical memory assigned to process): 257M, peak: 257M
current process commit charge ("private bytes"): 284M, peak: 304M

vm_info: OpenJDK 64-Bit Server VM (21.0.4+-12508038-b607.1) for windows-amd64 JRE (21.0.4+-12508038-b607.1), built on 2024-10-16T17:23:34Z by "builder" with MS VC++ 16.10 / 16.11 (VS2019)

END.
