#
# There is insufficient memory for the Java Runtime Environment to continue.
# Native memory allocation (malloc) failed to allocate 1299248 bytes. Error detail: Chunk::new
# Possible reasons:
#   The system is out of physical RAM or swap space
#   This process is running with CompressedOops enabled, and the Java Heap may be blocking the growth of the native heap
# Possible solutions:
#   Reduce memory load on the system
#   Increase physical memory or swap space
#   Check if swap backing store is full
#   Decrease Java heap size (-Xmx/-Xms)
#   Decrease number of Java threads
#   Decrease Java thread stack sizes (-Xss)
#   Set larger code cache with -XX:ReservedCodeCacheSize=
#   JVM is running with Unscaled Compressed Oops mode in which the Java heap is
#     placed in the first 4GB address space. The Java Heap base address is the
#     maximum limit for the native heap growth. Please use -XX:HeapBaseMinAddress
#     to set the Java Heap base and to place the Java Heap above 4GB virtual address.
# This output file may be truncated or incomplete.
#
#  Out of Memory Error (arena.cpp:168), pid=9476, tid=11672
#
# JRE version: OpenJDK Runtime Environment (21.0.4) (build 21.0.4+-12508038-b607.1)
# Java VM: OpenJDK 64-Bit Server VM (21.0.4+-12508038-b607.1, mixed mode, tiered, compressed oops, compressed class ptrs, g1 gc, windows-amd64)
# No core dump will be written. Minidumps are not enabled by default on client versions of Windows
#

---------------  S U M M A R Y ------------

Command Line: --add-opens=java.base/java.util=ALL-UNNAMED --add-opens=java.base/java.lang=ALL-UNNAMED --add-opens=java.base/java.lang.invoke=ALL-UNNAMED --add-opens=java.prefs/java.util.prefs=ALL-UNNAMED --add-exports=jdk.compiler/com.sun.tools.javac.api=ALL-UNNAMED --add-exports=jdk.compiler/com.sun.tools.javac.util=ALL-UNNAMED --add-opens=java.base/java.nio.charset=ALL-UNNAMED --add-opens=java.base/java.net=ALL-UNNAMED --add-opens=java.base/java.util.concurrent.atomic=ALL-UNNAMED -Xmx2048m -Dfile.encoding=UTF-8 -Duser.country=MX -Duser.language=es -Duser.variant -javaagent:C:\Users\Usuario\.gradle\wrapper\dists\gradle-8.10.2-bin\a04bxjujx95o3nb99gddekhwo\gradle-8.10.2\lib\agents\gradle-instrumentation-agent-8.10.2.jar org.gradle.launcher.daemon.bootstrap.GradleDaemon 8.10.2

Host: Intel(R) Core(TM) i5-7500T CPU @ 2.70GHz, 4 cores, 7G,  Windows 10 , 64 bit Build 19041 (10.0.19041.5438)
Time: Wed Feb 19 07:26:20 2025 Hora estándar central (México) elapsed time: 9.016524 seconds (0d 0h 0m 9s)

---------------  T H R E A D  ---------------

Current thread (0x000001a33907bed0):  JavaThread "C2 CompilerThread1" daemon [_thread_in_native, id=11672, stack(0x000000577be00000,0x000000577bf00000) (1024K)]


Current CompileTask:
C2:   9016 6412   !   4       java.net.URLClassLoader$1::run (81 bytes)

Stack: [0x000000577be00000,0x000000577bf00000]
Native frames: (J=compiled Java code, j=interpreted, Vv=VM code, C=native code)
V  [jvm.dll+0x6ce539]
V  [jvm.dll+0x85bf03]
V  [jvm.dll+0x85e45e]
V  [jvm.dll+0x85eb43]
V  [jvm.dll+0x27dd06]
V  [jvm.dll+0xbf9cd]
V  [jvm.dll+0xbff03]
V  [jvm.dll+0x3b4deb]
V  [jvm.dll+0x1de1f2]
V  [jvm.dll+0x247544]
V  [jvm.dll+0x2469c1]
V  [jvm.dll+0x1c58a4]
V  [jvm.dll+0x255fec]
V  [jvm.dll+0x254536]
V  [jvm.dll+0x3efab6]
V  [jvm.dll+0x804418]
V  [jvm.dll+0x6cce0d]
C  [ucrtbase.dll+0x21bb2]
C  [KERNEL32.DLL+0x17374]
C  [ntdll.dll+0x4cc91]


---------------  P R O C E S S  ---------------

Threads class SMR info:
_java_thread_list=0x000001a33b10e900, length=47, elements={
0x000001a31b554ab0, 0x000001a33467da80, 0x000001a33468ca30, 0x000001a334695430,
0x000001a33469e280, 0x000001a33469ece0, 0x000001a33469f740, 0x000001a3346a76c0,
0x000001a3346aa170, 0x000001a334800eb0, 0x000001a334996370, 0x000001a33a708110,
0x000001a33a39dff0, 0x000001a33a60da70, 0x000001a33a9109f0, 0x000001a33a631830,
0x000001a33a98a8b0, 0x000001a33a98af20, 0x000001a33a9fe270, 0x000001a33aa00340,
0x000001a33a9fef90, 0x000001a33a9fe900, 0x000001a33a9ff620, 0x000001a33aa009d0,
0x000001a33aa01060, 0x000001a33aa016f0, 0x000001a33d0469a0, 0x000001a33d047030,
0x000001a33d044240, 0x000001a33d0476c0, 0x000001a33d0448d0, 0x000001a33d0455f0,
0x000001a33d045c80, 0x000001a33d046310, 0x000001a33d044f60, 0x000001a33c7c9fd0,
0x000001a33c7cc730, 0x000001a33c7ca660, 0x000001a33c7ce170, 0x000001a33c7ccdc0,
0x000001a33c7c7f00, 0x000001a33c7cacf0, 0x000001a33c7ce800, 0x000001a33c7cba10,
0x000001a33c7cd450, 0x000001a33c7cee90, 0x000001a33907bed0
}

Java Threads: ( => current thread )
  0x000001a31b554ab0 JavaThread "main"                              [_thread_blocked, id=928, stack(0x000000577aa00000,0x000000577ab00000) (1024K)]
  0x000001a33467da80 JavaThread "Reference Handler"          daemon [_thread_blocked, id=3456, stack(0x000000577b200000,0x000000577b300000) (1024K)]
  0x000001a33468ca30 JavaThread "Finalizer"                  daemon [_thread_blocked, id=13192, stack(0x000000577b300000,0x000000577b400000) (1024K)]
  0x000001a334695430 JavaThread "Signal Dispatcher"          daemon [_thread_blocked, id=4452, stack(0x000000577b400000,0x000000577b500000) (1024K)]
  0x000001a33469e280 JavaThread "Attach Listener"            daemon [_thread_blocked, id=10628, stack(0x000000577b500000,0x000000577b600000) (1024K)]
  0x000001a33469ece0 JavaThread "Service Thread"             daemon [_thread_blocked, id=2220, stack(0x000000577b600000,0x000000577b700000) (1024K)]
  0x000001a33469f740 JavaThread "Monitor Deflation Thread"   daemon [_thread_blocked, id=12788, stack(0x000000577b700000,0x000000577b800000) (1024K)]
  0x000001a3346a76c0 JavaThread "C2 CompilerThread0"         daemon [_thread_in_native, id=12224, stack(0x000000577b800000,0x000000577b900000) (1024K)]
  0x000001a3346aa170 JavaThread "C1 CompilerThread0"         daemon [_thread_blocked, id=6012, stack(0x000000577b900000,0x000000577ba00000) (1024K)]
  0x000001a334800eb0 JavaThread "Common-Cleaner"             daemon [_thread_blocked, id=13236, stack(0x000000577ba00000,0x000000577bb00000) (1024K)]
  0x000001a334996370 JavaThread "Notification Thread"        daemon [_thread_blocked, id=11864, stack(0x000000577bb00000,0x000000577bc00000) (1024K)]
  0x000001a33a708110 JavaThread "Daemon health stats"               [_thread_blocked, id=13212, stack(0x000000577c000000,0x000000577c100000) (1024K)]
  0x000001a33a39dff0 JavaThread "Incoming local TCP Connector on port 50596"        [_thread_in_native, id=8052, stack(0x000000577c100000,0x000000577c200000) (1024K)]
  0x000001a33a60da70 JavaThread "Daemon periodic checks"            [_thread_blocked, id=9292, stack(0x000000577c200000,0x000000577c300000) (1024K)]
  0x000001a33a9109f0 JavaThread "Daemon"                            [_thread_blocked, id=12484, stack(0x000000577c300000,0x000000577c400000) (1024K)]
  0x000001a33a631830 JavaThread "Handler for socket connection from /127.0.0.1:50596 to /127.0.0.1:50597"        [_thread_in_native, id=8168, stack(0x000000577c400000,0x000000577c500000) (1024K)]
  0x000001a33a98a8b0 JavaThread "Cancel handler"                    [_thread_blocked, id=8276, stack(0x000000577c500000,0x000000577c600000) (1024K)]
  0x000001a33a98af20 JavaThread "Daemon worker"                     [_thread_in_Java, id=9068, stack(0x000000577c600000,0x000000577c700000) (1024K)]
  0x000001a33a9fe270 JavaThread "Asynchronous log dispatcher for DefaultDaemonConnection: socket connection from /127.0.0.1:50596 to /127.0.0.1:50597"        [_thread_blocked, id=9144, stack(0x000000577c700000,0x000000577c800000) (1024K)]
  0x000001a33aa00340 JavaThread "Stdin handler"                     [_thread_blocked, id=5096, stack(0x000000577c800000,0x000000577c900000) (1024K)]
  0x000001a33a9fef90 JavaThread "Daemon client event forwarder"        [_thread_blocked, id=8308, stack(0x000000577c900000,0x000000577ca00000) (1024K)]
  0x000001a33a9fe900 JavaThread "Cache worker for journal cache (C:\Users\Usuario\.gradle\caches\journal-1)"        [_thread_blocked, id=6316, stack(0x000000577ca00000,0x000000577cb00000) (1024K)]
  0x000001a33a9ff620 JavaThread "File lock request listener"        [_thread_in_native, id=12820, stack(0x000000577cb00000,0x000000577cc00000) (1024K)]
  0x000001a33aa009d0 JavaThread "Cache worker for file hash cache (C:\Users\Usuario\.gradle\caches\8.10.2\fileHashes)"        [_thread_blocked, id=11524, stack(0x000000577cc00000,0x000000577cd00000) (1024K)]
  0x000001a33aa01060 JavaThread "Cache worker for file hash cache (C:\Users\Usuario\Desktop\android2025\Android2025\.gradle\8.10.2\fileHashes)"        [_thread_blocked, id=8704, stack(0x000000577cd00000,0x000000577ce00000) (1024K)]
  0x000001a33aa016f0 JavaThread "Cache worker for Build Output Cleanup Cache (C:\Users\Usuario\Desktop\android2025\Android2025\.gradle\buildOutputCleanup)"        [_thread_blocked, id=4240, stack(0x000000577ce00000,0x000000577cf00000) (1024K)]
  0x000001a33d0469a0 JavaThread "File watcher server"        daemon [_thread_in_native, id=8324, stack(0x000000577cf00000,0x000000577d000000) (1024K)]
  0x000001a33d047030 JavaThread "File watcher consumer"      daemon [_thread_blocked, id=12496, stack(0x000000577d000000,0x000000577d100000) (1024K)]
  0x000001a33d044240 JavaThread "jar transforms"                    [_thread_blocked, id=2832, stack(0x000000577d100000,0x000000577d200000) (1024K)]
  0x000001a33d0476c0 JavaThread "jar transforms Thread 2"           [_thread_blocked, id=6084, stack(0x000000577d200000,0x000000577d300000) (1024K)]
  0x000001a33d0448d0 JavaThread "jar transforms Thread 3"           [_thread_blocked, id=7344, stack(0x000000577d300000,0x000000577d400000) (1024K)]
  0x000001a33d0455f0 JavaThread "jar transforms Thread 4"           [_thread_blocked, id=8160, stack(0x000000577d400000,0x000000577d500000) (1024K)]
  0x000001a33d045c80 JavaThread "Cache worker for checksums cache (C:\Users\Usuario\Desktop\android2025\Android2025\.gradle\8.10.2\checksums)"        [_thread_blocked, id=8656, stack(0x000000577d500000,0x000000577d600000) (1024K)]
  0x000001a33d046310 JavaThread "Cache worker for file content cache (C:\Users\Usuario\.gradle\caches\8.10.2\fileContent)"        [_thread_blocked, id=6888, stack(0x000000577d600000,0x000000577d700000) (1024K)]
  0x000001a33d044f60 JavaThread "Cache worker for cache directory md-rule (C:\Users\Usuario\.gradle\caches\8.10.2\md-rule)"        [_thread_blocked, id=9872, stack(0x000000577d700000,0x000000577d800000) (1024K)]
  0x000001a33c7c9fd0 JavaThread "Cache worker for cache directory md-supplier (C:\Users\Usuario\.gradle\caches\8.10.2\md-supplier)"        [_thread_blocked, id=13048, stack(0x000000577d800000,0x000000577d900000) (1024K)]
  0x000001a33c7cc730 JavaThread "Unconstrained build operations"        [_thread_blocked, id=3000, stack(0x000000577d900000,0x000000577da00000) (1024K)]
  0x000001a33c7ca660 JavaThread "Unconstrained build operations Thread 2"        [_thread_blocked, id=9936, stack(0x000000577da00000,0x000000577db00000) (1024K)]
  0x000001a33c7ce170 JavaThread "Unconstrained build operations Thread 3"        [_thread_blocked, id=4224, stack(0x000000577db00000,0x000000577dc00000) (1024K)]
  0x000001a33c7ccdc0 JavaThread "Unconstrained build operations Thread 4"        [_thread_blocked, id=3100, stack(0x000000577dc00000,0x000000577dd00000) (1024K)]
  0x000001a33c7c7f00 JavaThread "Unconstrained build operations Thread 5"        [_thread_blocked, id=9968, stack(0x000000577dd00000,0x000000577de00000) (1024K)]
  0x000001a33c7cacf0 JavaThread "Unconstrained build operations Thread 6"        [_thread_blocked, id=4984, stack(0x000000577de00000,0x000000577df00000) (1024K)]
  0x000001a33c7ce800 JavaThread "Unconstrained build operations Thread 7"        [_thread_blocked, id=13156, stack(0x000000577df00000,0x000000577e000000) (1024K)]
  0x000001a33c7cba10 JavaThread "Unconstrained build operations Thread 8"        [_thread_blocked, id=9448, stack(0x000000577e000000,0x000000577e100000) (1024K)]
  0x000001a33c7cd450 JavaThread "Unconstrained build operations Thread 9"        [_thread_blocked, id=4964, stack(0x000000577e100000,0x000000577e200000) (1024K)]
  0x000001a33c7cee90 JavaThread "Unconstrained build operations Thread 10"        [_thread_blocked, id=12032, stack(0x000000577e200000,0x000000577e300000) (1024K)]
=>0x000001a33907bed0 JavaThread "C2 CompilerThread1"         daemon [_thread_in_native, id=11672, stack(0x000000577be00000,0x000000577bf00000) (1024K)]
Total: 47

Other Threads:
  0x000001a3344bd9f0 VMThread "VM Thread"                           [id=3988, stack(0x000000577b100000,0x000000577b200000) (1024K)]
  0x000001a3344608f0 WatcherThread "VM Periodic Task Thread"        [id=1620, stack(0x000000577b000000,0x000000577b100000) (1024K)]
  0x000001a31b7774c0 WorkerThread "GC Thread#0"                     [id=992, stack(0x000000577ab00000,0x000000577ac00000) (1024K)]
  0x000001a33904cae0 WorkerThread "GC Thread#1"                     [id=9792, stack(0x000000577bc00000,0x000000577bd00000) (1024K)]
  0x000001a33904ce80 WorkerThread "GC Thread#2"                     [id=10316, stack(0x000000577bd00000,0x000000577be00000) (1024K)]
  0x000001a339916aa0 WorkerThread "GC Thread#3"                     [id=5980, stack(0x000000577bf00000,0x000000577c000000) (1024K)]
  0x000001a31b788520 ConcurrentGCThread "G1 Main Marker"            [id=2464, stack(0x000000577ac00000,0x000000577ad00000) (1024K)]
  0x000001a31b7896d0 WorkerThread "G1 Conc#0"                       [id=1768, stack(0x000000577ad00000,0x000000577ae00000) (1024K)]
  0x000001a31b7eea40 ConcurrentGCThread "G1 Refine#0"               [id=11572, stack(0x000000577ae00000,0x000000577af00000) (1024K)]
  0x000001a334326a30 ConcurrentGCThread "G1 Service"                [id=11112, stack(0x000000577af00000,0x000000577b000000) (1024K)]
Total: 10

Threads with active compile tasks:
C2 CompilerThread0     9051 6581       4       java.util.regex.Pattern::escape (1310 bytes)
C2 CompilerThread1     9051 6412   !   4       java.net.URLClassLoader$1::run (81 bytes)
Total: 2

VM state: not at safepoint (normal execution)

VM Mutex/Monitor currently owned by a thread: None

Heap address: 0x0000000080000000, size: 2048 MB, Compressed Oops mode: 32-bit

CDS archive(s) not mapped
Compressed class space mapped at: 0x0000000100000000-0x0000000140000000, reserved size: 1073741824
Narrow klass base: 0x0000000000000000, Narrow klass shift: 3, Narrow klass range: 0x140000000

GC Precious Log:
 CardTable entry size: 512
 Card Set container configuration: InlinePtr #cards 5 size 8 Array Of Cards #cards 12 size 40 Howl #buckets 4 coarsen threshold 1843 Howl Bitmap #cards 512 size 80 coarsen threshold 460 Card regions per heap region 1 cards per card region 2048
 CPUs: 4 total, 4 available
 Memory: 8067M
 Large Page Support: Disabled
 NUMA Support: Disabled
 Compressed Oops: Enabled (32-bit)
 Heap Region Size: 1M
 Heap Min Capacity: 8M
 Heap Initial Capacity: 128M
 Heap Max Capacity: 2G
 Pre-touch: Disabled
 Parallel Workers: 4
 Concurrent Workers: 1
 Concurrent Refinement Workers: 4
 Periodic GC: Disabled

Heap:
 garbage-first heap   total 156672K, used 87993K [0x0000000080000000, 0x0000000100000000)
  region size 1024K, 15 young (15360K), 5 survivors (5120K)
 Metaspace       used 71182K, committed 73024K, reserved 1114112K
  class space    used 9766K, committed 10688K, reserved 1048576K

Heap Regions: E=young(eden), S=young(survivor), O=old, HS=humongous(starts), HC=humongous(continues), CS=collection set, F=free, TAMS=top-at-mark-start, PB=parsable bottom
|   0|0x0000000080000000, 0x0000000080100000, 0x0000000080100000|100%|HS|  |TAMS 0x0000000080000000| PB 0x0000000080000000| Complete 
|   1|0x0000000080100000, 0x0000000080200000, 0x0000000080200000|100%|HC|  |TAMS 0x0000000080100000| PB 0x0000000080100000| Complete 
|   2|0x0000000080200000, 0x0000000080300000, 0x0000000080300000|100%|HC|  |TAMS 0x0000000080200000| PB 0x0000000080200000| Complete 
|   3|0x0000000080300000, 0x0000000080400000, 0x0000000080400000|100%|HC|  |TAMS 0x0000000080300000| PB 0x0000000080300000| Complete 
|   4|0x0000000080400000, 0x0000000080500000, 0x0000000080500000|100%| O|  |TAMS 0x0000000080400000| PB 0x0000000080400000| Untracked 
|   5|0x0000000080500000, 0x0000000080600000, 0x0000000080600000|100%| O|  |TAMS 0x0000000080500000| PB 0x0000000080500000| Untracked 
|   6|0x0000000080600000, 0x0000000080700000, 0x0000000080700000|100%| O|  |TAMS 0x0000000080600000| PB 0x0000000080600000| Untracked 
|   7|0x0000000080700000, 0x0000000080800000, 0x0000000080800000|100%|HS|  |TAMS 0x0000000080700000| PB 0x0000000080700000| Complete 
|   8|0x0000000080800000, 0x0000000080900000, 0x0000000080900000|100%| O|  |TAMS 0x0000000080800000| PB 0x0000000080800000| Untracked 
|   9|0x0000000080900000, 0x0000000080a00000, 0x0000000080a00000|100%| O|  |TAMS 0x0000000080900000| PB 0x0000000080900000| Untracked 
|  10|0x0000000080a00000, 0x0000000080b00000, 0x0000000080b00000|100%| O|  |TAMS 0x0000000080a00000| PB 0x0000000080a00000| Untracked 
|  11|0x0000000080b00000, 0x0000000080c00000, 0x0000000080c00000|100%| O|  |TAMS 0x0000000080b00000| PB 0x0000000080b00000| Untracked 
|  12|0x0000000080c00000, 0x0000000080d00000, 0x0000000080d00000|100%| O|  |TAMS 0x0000000080c00000| PB 0x0000000080c00000| Untracked 
|  13|0x0000000080d00000, 0x0000000080e00000, 0x0000000080e00000|100%| O|  |TAMS 0x0000000080d00000| PB 0x0000000080d00000| Untracked 
|  14|0x0000000080e00000, 0x0000000080f00000, 0x0000000080f00000|100%| O|  |TAMS 0x0000000080e00000| PB 0x0000000080e00000| Untracked 
|  15|0x0000000080f00000, 0x0000000081000000, 0x0000000081000000|100%| O|  |TAMS 0x0000000080f00000| PB 0x0000000080f00000| Untracked 
|  16|0x0000000081000000, 0x0000000081100000, 0x0000000081100000|100%| O|  |TAMS 0x0000000081000000| PB 0x0000000081000000| Untracked 
|  17|0x0000000081100000, 0x0000000081200000, 0x0000000081200000|100%| O|  |TAMS 0x0000000081100000| PB 0x0000000081100000| Untracked 
|  18|0x0000000081200000, 0x0000000081300000, 0x0000000081300000|100%| O|  |TAMS 0x0000000081200000| PB 0x0000000081200000| Untracked 
|  19|0x0000000081300000, 0x0000000081400000, 0x0000000081400000|100%| O|  |TAMS 0x0000000081300000| PB 0x0000000081300000| Untracked 
|  20|0x0000000081400000, 0x0000000081500000, 0x0000000081500000|100%| O|  |TAMS 0x0000000081400000| PB 0x0000000081400000| Untracked 
|  21|0x0000000081500000, 0x0000000081600000, 0x0000000081600000|100%|HS|  |TAMS 0x0000000081500000| PB 0x0000000081500000| Complete 
|  22|0x0000000081600000, 0x0000000081700000, 0x0000000081700000|100%|HC|  |TAMS 0x0000000081600000| PB 0x0000000081600000| Complete 
|  23|0x0000000081700000, 0x0000000081800000, 0x0000000081800000|100%|HC|  |TAMS 0x0000000081700000| PB 0x0000000081700000| Complete 
|  24|0x0000000081800000, 0x0000000081900000, 0x0000000081900000|100%|HC|  |TAMS 0x0000000081800000| PB 0x0000000081800000| Complete 
|  25|0x0000000081900000, 0x0000000081a00000, 0x0000000081a00000|100%|HC|  |TAMS 0x0000000081900000| PB 0x0000000081900000| Complete 
|  26|0x0000000081a00000, 0x0000000081b00000, 0x0000000081b00000|100%|HC|  |TAMS 0x0000000081a00000| PB 0x0000000081a00000| Complete 
|  27|0x0000000081b00000, 0x0000000081c00000, 0x0000000081c00000|100%|HS|  |TAMS 0x0000000081b00000| PB 0x0000000081b00000| Complete 
|  28|0x0000000081c00000, 0x0000000081d00000, 0x0000000081d00000|100%|HC|  |TAMS 0x0000000081c00000| PB 0x0000000081c00000| Complete 
|  29|0x0000000081d00000, 0x0000000081e00000, 0x0000000081e00000|100%|HC|  |TAMS 0x0000000081d00000| PB 0x0000000081d00000| Complete 
|  30|0x0000000081e00000, 0x0000000081f00000, 0x0000000081f00000|100%| O|  |TAMS 0x0000000081e00000| PB 0x0000000081e00000| Untracked 
|  31|0x0000000081f00000, 0x0000000082000000, 0x0000000082000000|100%| O|  |TAMS 0x0000000081f00000| PB 0x0000000081f00000| Untracked 
|  32|0x0000000082000000, 0x0000000082100000, 0x0000000082100000|100%|HS|  |TAMS 0x0000000082000000| PB 0x0000000082000000| Complete 
|  33|0x0000000082100000, 0x0000000082200000, 0x0000000082200000|100%|HC|  |TAMS 0x0000000082100000| PB 0x0000000082100000| Complete 
|  34|0x0000000082200000, 0x0000000082300000, 0x0000000082300000|100%|HS|  |TAMS 0x0000000082200000| PB 0x0000000082200000| Complete 
|  35|0x0000000082300000, 0x0000000082400000, 0x0000000082400000|100%| O|  |TAMS 0x0000000082300000| PB 0x0000000082300000| Untracked 
|  36|0x0000000082400000, 0x0000000082500000, 0x0000000082500000|100%| O|  |TAMS 0x0000000082400000| PB 0x0000000082400000| Untracked 
|  37|0x0000000082500000, 0x0000000082600000, 0x0000000082600000|100%| O|  |TAMS 0x0000000082500000| PB 0x0000000082500000| Untracked 
|  38|0x0000000082600000, 0x0000000082700000, 0x0000000082700000|100%| O|  |TAMS 0x0000000082600000| PB 0x0000000082600000| Untracked 
|  39|0x0000000082700000, 0x0000000082800000, 0x0000000082800000|100%| O|  |TAMS 0x0000000082700000| PB 0x0000000082700000| Untracked 
|  40|0x0000000082800000, 0x0000000082900000, 0x0000000082900000|100%| O|  |TAMS 0x0000000082800000| PB 0x0000000082800000| Untracked 
|  41|0x0000000082900000, 0x0000000082a00000, 0x0000000082a00000|100%| O|  |TAMS 0x0000000082900000| PB 0x0000000082900000| Untracked 
|  42|0x0000000082a00000, 0x0000000082b00000, 0x0000000082b00000|100%| O|  |TAMS 0x0000000082a00000| PB 0x0000000082a00000| Untracked 
|  43|0x0000000082b00000, 0x0000000082c00000, 0x0000000082c00000|100%| O|  |TAMS 0x0000000082b00000| PB 0x0000000082b00000| Untracked 
|  44|0x0000000082c00000, 0x0000000082d00000, 0x0000000082d00000|100%| O|  |TAMS 0x0000000082c00000| PB 0x0000000082c00000| Untracked 
|  45|0x0000000082d00000, 0x0000000082e00000, 0x0000000082e00000|100%| O|  |TAMS 0x0000000082d00000| PB 0x0000000082d00000| Untracked 
|  46|0x0000000082e00000, 0x0000000082f00000, 0x0000000082f00000|100%| O|  |TAMS 0x0000000082e00000| PB 0x0000000082e00000| Untracked 
|  47|0x0000000082f00000, 0x0000000083000000, 0x0000000083000000|100%|HS|  |TAMS 0x0000000082f00000| PB 0x0000000082f00000| Complete 
|  48|0x0000000083000000, 0x0000000083100000, 0x0000000083100000|100%|HC|  |TAMS 0x0000000083000000| PB 0x0000000083000000| Complete 
|  49|0x0000000083100000, 0x0000000083200000, 0x0000000083200000|100%| O|  |TAMS 0x0000000083100000| PB 0x0000000083100000| Untracked 
|  50|0x0000000083200000, 0x0000000083300000, 0x0000000083300000|100%| O|  |TAMS 0x0000000083200000| PB 0x0000000083200000| Untracked 
|  51|0x0000000083300000, 0x0000000083300000, 0x0000000083400000|  0%| F|  |TAMS 0x0000000083300000| PB 0x0000000083300000| Untracked 
|  52|0x0000000083400000, 0x0000000083500000, 0x0000000083500000|100%| O|  |TAMS 0x0000000083400000| PB 0x0000000083400000| Untracked 
|  53|0x0000000083500000, 0x0000000083600000, 0x0000000083600000|100%| O|  |TAMS 0x0000000083500000| PB 0x0000000083500000| Untracked 
|  54|0x0000000083600000, 0x0000000083700000, 0x0000000083700000|100%| O|  |TAMS 0x0000000083600000| PB 0x0000000083600000| Untracked 
|  55|0x0000000083700000, 0x0000000083800000, 0x0000000083800000|100%| O|  |TAMS 0x0000000083700000| PB 0x0000000083700000| Untracked 
|  56|0x0000000083800000, 0x0000000083900000, 0x0000000083900000|100%| O|  |TAMS 0x0000000083800000| PB 0x0000000083800000| Untracked 
|  57|0x0000000083900000, 0x0000000083900000, 0x0000000083a00000|  0%| F|  |TAMS 0x0000000083900000| PB 0x0000000083900000| Untracked 
|  58|0x0000000083a00000, 0x0000000083b00000, 0x0000000083b00000|100%|HS|  |TAMS 0x0000000083a00000| PB 0x0000000083a00000| Complete 
|  59|0x0000000083b00000, 0x0000000083c00000, 0x0000000083c00000|100%|HC|  |TAMS 0x0000000083b00000| PB 0x0000000083b00000| Complete 
|  60|0x0000000083c00000, 0x0000000083d00000, 0x0000000083d00000|100%|HC|  |TAMS 0x0000000083c00000| PB 0x0000000083c00000| Complete 
|  61|0x0000000083d00000, 0x0000000083e00000, 0x0000000083e00000|100%|HC|  |TAMS 0x0000000083d00000| PB 0x0000000083d00000| Complete 
|  62|0x0000000083e00000, 0x0000000083f00000, 0x0000000083f00000|100%|HC|  |TAMS 0x0000000083e00000| PB 0x0000000083e00000| Complete 
|  63|0x0000000083f00000, 0x0000000084000000, 0x0000000084000000|100%|HC|  |TAMS 0x0000000083f00000| PB 0x0000000083f00000| Complete 
|  64|0x0000000084000000, 0x0000000084100000, 0x0000000084100000|100%|HS|  |TAMS 0x0000000084000000| PB 0x0000000084000000| Complete 
|  65|0x0000000084100000, 0x0000000084200000, 0x0000000084200000|100%|HC|  |TAMS 0x0000000084100000| PB 0x0000000084100000| Complete 
|  66|0x0000000084200000, 0x0000000084300000, 0x0000000084300000|100%|HC|  |TAMS 0x0000000084200000| PB 0x0000000084200000| Complete 
|  67|0x0000000084300000, 0x0000000084400000, 0x0000000084400000|100%|HC|  |TAMS 0x0000000084300000| PB 0x0000000084300000| Complete 
|  68|0x0000000084400000, 0x0000000084500000, 0x0000000084500000|100%|HC|  |TAMS 0x0000000084400000| PB 0x0000000084400000| Complete 
|  69|0x0000000084500000, 0x0000000084600000, 0x0000000084600000|100%|HC|  |TAMS 0x0000000084500000| PB 0x0000000084500000| Complete 
|  70|0x0000000084600000, 0x0000000084700000, 0x0000000084700000|100%| O|  |TAMS 0x0000000084600000| PB 0x0000000084600000| Untracked 
|  71|0x0000000084700000, 0x0000000084800000, 0x0000000084800000|100%| O|  |TAMS 0x0000000084700000| PB 0x0000000084700000| Untracked 
|  72|0x0000000084800000, 0x0000000084900000, 0x0000000084900000|100%| O|  |TAMS 0x0000000084800000| PB 0x0000000084800000| Untracked 
|  73|0x0000000084900000, 0x0000000084a00000, 0x0000000084a00000|100%| O|  |TAMS 0x0000000084900000| PB 0x0000000084900000| Untracked 
|  74|0x0000000084a00000, 0x0000000084b00000, 0x0000000084b00000|100%| O|  |TAMS 0x0000000084a00000| PB 0x0000000084a00000| Untracked 
|  75|0x0000000084b00000, 0x0000000084b92a00, 0x0000000084c00000| 57%| O|  |TAMS 0x0000000084b00000| PB 0x0000000084b00000| Untracked 
|  76|0x0000000084c00000, 0x0000000084c00000, 0x0000000084d00000|  0%| F|  |TAMS 0x0000000084c00000| PB 0x0000000084c00000| Untracked 
|  77|0x0000000084d00000, 0x0000000084d00000, 0x0000000084e00000|  0%| F|  |TAMS 0x0000000084d00000| PB 0x0000000084d00000| Untracked 
|  78|0x0000000084e00000, 0x0000000084e00000, 0x0000000084f00000|  0%| F|  |TAMS 0x0000000084e00000| PB 0x0000000084e00000| Untracked 
|  79|0x0000000084f00000, 0x0000000084f00000, 0x0000000085000000|  0%| F|  |TAMS 0x0000000084f00000| PB 0x0000000084f00000| Untracked 
|  80|0x0000000085000000, 0x0000000085000000, 0x0000000085100000|  0%| F|  |TAMS 0x0000000085000000| PB 0x0000000085000000| Untracked 
|  81|0x0000000085100000, 0x0000000085100000, 0x0000000085200000|  0%| F|  |TAMS 0x0000000085100000| PB 0x0000000085100000| Untracked 
|  82|0x0000000085200000, 0x0000000085200000, 0x0000000085300000|  0%| F|  |TAMS 0x0000000085200000| PB 0x0000000085200000| Untracked 
|  83|0x0000000085300000, 0x000000008535ba70, 0x0000000085400000| 35%| S|CS|TAMS 0x0000000085300000| PB 0x0000000085300000| Complete 
|  84|0x0000000085400000, 0x0000000085500000, 0x0000000085500000|100%| S|CS|TAMS 0x0000000085400000| PB 0x0000000085400000| Complete 
|  85|0x0000000085500000, 0x0000000085600000, 0x0000000085600000|100%| S|CS|TAMS 0x0000000085500000| PB 0x0000000085500000| Complete 
|  86|0x0000000085600000, 0x0000000085700000, 0x0000000085700000|100%| S|CS|TAMS 0x0000000085600000| PB 0x0000000085600000| Complete 
|  87|0x0000000085700000, 0x0000000085800000, 0x0000000085800000|100%| S|CS|TAMS 0x0000000085700000| PB 0x0000000085700000| Complete 
|  88|0x0000000085800000, 0x0000000085800000, 0x0000000085900000|  0%| F|  |TAMS 0x0000000085800000| PB 0x0000000085800000| Untracked 
|  89|0x0000000085900000, 0x0000000085900000, 0x0000000085a00000|  0%| F|  |TAMS 0x0000000085900000| PB 0x0000000085900000| Untracked 
|  90|0x0000000085a00000, 0x0000000085a00000, 0x0000000085b00000|  0%| F|  |TAMS 0x0000000085a00000| PB 0x0000000085a00000| Untracked 
|  91|0x0000000085b00000, 0x0000000085b00000, 0x0000000085c00000|  0%| F|  |TAMS 0x0000000085b00000| PB 0x0000000085b00000| Untracked 
|  92|0x0000000085c00000, 0x0000000085c00000, 0x0000000085d00000|  0%| F|  |TAMS 0x0000000085c00000| PB 0x0000000085c00000| Untracked 
|  93|0x0000000085d00000, 0x0000000085d00000, 0x0000000085e00000|  0%| F|  |TAMS 0x0000000085d00000| PB 0x0000000085d00000| Untracked 
|  94|0x0000000085e00000, 0x0000000085e00000, 0x0000000085f00000|  0%| F|  |TAMS 0x0000000085e00000| PB 0x0000000085e00000| Untracked 
|  95|0x0000000085f00000, 0x0000000085f00000, 0x0000000086000000|  0%| F|  |TAMS 0x0000000085f00000| PB 0x0000000085f00000| Untracked 
|  96|0x0000000086000000, 0x0000000086000000, 0x0000000086100000|  0%| F|  |TAMS 0x0000000086000000| PB 0x0000000086000000| Untracked 
|  97|0x0000000086100000, 0x0000000086100000, 0x0000000086200000|  0%| F|  |TAMS 0x0000000086100000| PB 0x0000000086100000| Untracked 
|  98|0x0000000086200000, 0x0000000086200000, 0x0000000086300000|  0%| F|  |TAMS 0x0000000086200000| PB 0x0000000086200000| Untracked 
|  99|0x0000000086300000, 0x0000000086300000, 0x0000000086400000|  0%| F|  |TAMS 0x0000000086300000| PB 0x0000000086300000| Untracked 
| 100|0x0000000086400000, 0x0000000086400000, 0x0000000086500000|  0%| F|  |TAMS 0x0000000086400000| PB 0x0000000086400000| Untracked 
| 101|0x0000000086500000, 0x0000000086500000, 0x0000000086600000|  0%| F|  |TAMS 0x0000000086500000| PB 0x0000000086500000| Untracked 
| 102|0x0000000086600000, 0x0000000086600000, 0x0000000086700000|  0%| F|  |TAMS 0x0000000086600000| PB 0x0000000086600000| Untracked 
| 103|0x0000000086700000, 0x0000000086700000, 0x0000000086800000|  0%| F|  |TAMS 0x0000000086700000| PB 0x0000000086700000| Untracked 
| 104|0x0000000086800000, 0x0000000086800000, 0x0000000086900000|  0%| F|  |TAMS 0x0000000086800000| PB 0x0000000086800000| Untracked 
| 105|0x0000000086900000, 0x0000000086900000, 0x0000000086a00000|  0%| F|  |TAMS 0x0000000086900000| PB 0x0000000086900000| Untracked 
| 106|0x0000000086a00000, 0x0000000086a00000, 0x0000000086b00000|  0%| F|  |TAMS 0x0000000086a00000| PB 0x0000000086a00000| Untracked 
| 107|0x0000000086b00000, 0x0000000086b00000, 0x0000000086c00000|  0%| F|  |TAMS 0x0000000086b00000| PB 0x0000000086b00000| Untracked 
| 108|0x0000000086c00000, 0x0000000086c00000, 0x0000000086d00000|  0%| F|  |TAMS 0x0000000086c00000| PB 0x0000000086c00000| Untracked 
| 109|0x0000000086d00000, 0x0000000086d00000, 0x0000000086e00000|  0%| F|  |TAMS 0x0000000086d00000| PB 0x0000000086d00000| Untracked 
| 110|0x0000000086e00000, 0x0000000086e00000, 0x0000000086f00000|  0%| F|  |TAMS 0x0000000086e00000| PB 0x0000000086e00000| Untracked 
| 111|0x0000000086f00000, 0x0000000086f00000, 0x0000000087000000|  0%| F|  |TAMS 0x0000000086f00000| PB 0x0000000086f00000| Untracked 
| 112|0x0000000087000000, 0x0000000087000000, 0x0000000087100000|  0%| F|  |TAMS 0x0000000087000000| PB 0x0000000087000000| Untracked 
| 113|0x0000000087100000, 0x0000000087100000, 0x0000000087200000|  0%| F|  |TAMS 0x0000000087100000| PB 0x0000000087100000| Untracked 
| 114|0x0000000087200000, 0x0000000087200000, 0x0000000087300000|  0%| F|  |TAMS 0x0000000087200000| PB 0x0000000087200000| Untracked 
| 115|0x0000000087300000, 0x0000000087300000, 0x0000000087400000|  0%| F|  |TAMS 0x0000000087300000| PB 0x0000000087300000| Untracked 
| 116|0x0000000087400000, 0x0000000087400000, 0x0000000087500000|  0%| F|  |TAMS 0x0000000087400000| PB 0x0000000087400000| Untracked 
| 117|0x0000000087500000, 0x0000000087500000, 0x0000000087600000|  0%| F|  |TAMS 0x0000000087500000| PB 0x0000000087500000| Untracked 
| 118|0x0000000087600000, 0x0000000087600000, 0x0000000087700000|  0%| F|  |TAMS 0x0000000087600000| PB 0x0000000087600000| Untracked 
| 119|0x0000000087700000, 0x0000000087700000, 0x0000000087800000|  0%| F|  |TAMS 0x0000000087700000| PB 0x0000000087700000| Untracked 
| 120|0x0000000087800000, 0x0000000087800000, 0x0000000087900000|  0%| F|  |TAMS 0x0000000087800000| PB 0x0000000087800000| Untracked 
| 121|0x0000000087900000, 0x0000000087900000, 0x0000000087a00000|  0%| F|  |TAMS 0x0000000087900000| PB 0x0000000087900000| Untracked 
| 122|0x0000000087a00000, 0x0000000087a00000, 0x0000000087b00000|  0%| F|  |TAMS 0x0000000087a00000| PB 0x0000000087a00000| Untracked 
| 123|0x0000000087b00000, 0x0000000087b00000, 0x0000000087c00000|  0%| F|  |TAMS 0x0000000087b00000| PB 0x0000000087b00000| Untracked 
| 124|0x0000000087c00000, 0x0000000087c00000, 0x0000000087d00000|  0%| F|  |TAMS 0x0000000087c00000| PB 0x0000000087c00000| Untracked 
| 125|0x0000000087d00000, 0x0000000087d00000, 0x0000000087e00000|  0%| F|  |TAMS 0x0000000087d00000| PB 0x0000000087d00000| Untracked 
| 126|0x0000000087e00000, 0x0000000087e00000, 0x0000000087f00000|  0%| F|  |TAMS 0x0000000087e00000| PB 0x0000000087e00000| Untracked 
| 127|0x0000000087f00000, 0x0000000087f00000, 0x0000000088000000|  0%| F|  |TAMS 0x0000000087f00000| PB 0x0000000087f00000| Untracked 
| 128|0x0000000088000000, 0x0000000088000000, 0x0000000088100000|  0%| F|  |TAMS 0x0000000088000000| PB 0x0000000088000000| Untracked 
| 129|0x0000000088100000, 0x0000000088100000, 0x0000000088200000|  0%| F|  |TAMS 0x0000000088100000| PB 0x0000000088100000| Untracked 
| 130|0x0000000088200000, 0x0000000088200000, 0x0000000088300000|  0%| F|  |TAMS 0x0000000088200000| PB 0x0000000088200000| Untracked 
| 131|0x0000000088300000, 0x0000000088300000, 0x0000000088400000|  0%| F|  |TAMS 0x0000000088300000| PB 0x0000000088300000| Untracked 
| 132|0x0000000088400000, 0x0000000088400000, 0x0000000088500000|  0%| F|  |TAMS 0x0000000088400000| PB 0x0000000088400000| Untracked 
| 133|0x0000000088500000, 0x0000000088500000, 0x0000000088600000|  0%| F|  |TAMS 0x0000000088500000| PB 0x0000000088500000| Untracked 
| 134|0x0000000088600000, 0x0000000088600000, 0x0000000088700000|  0%| F|  |TAMS 0x0000000088600000| PB 0x0000000088600000| Untracked 
| 135|0x0000000088700000, 0x0000000088700000, 0x0000000088800000|  0%| F|  |TAMS 0x0000000088700000| PB 0x0000000088700000| Untracked 
| 136|0x0000000088800000, 0x0000000088800000, 0x0000000088900000|  0%| F|  |TAMS 0x0000000088800000| PB 0x0000000088800000| Untracked 
| 137|0x0000000088900000, 0x0000000088900000, 0x0000000088a00000|  0%| F|  |TAMS 0x0000000088900000| PB 0x0000000088900000| Untracked 
| 138|0x0000000088a00000, 0x0000000088a00000, 0x0000000088b00000|  0%| F|  |TAMS 0x0000000088a00000| PB 0x0000000088a00000| Untracked 
| 139|0x0000000088b00000, 0x0000000088b00000, 0x0000000088c00000|  0%| F|  |TAMS 0x0000000088b00000| PB 0x0000000088b00000| Untracked 
| 140|0x0000000088c00000, 0x0000000088c00000, 0x0000000088d00000|  0%| F|  |TAMS 0x0000000088c00000| PB 0x0000000088c00000| Untracked 
| 141|0x0000000088d00000, 0x0000000088d00000, 0x0000000088e00000|  0%| F|  |TAMS 0x0000000088d00000| PB 0x0000000088d00000| Untracked 
| 142|0x0000000088e00000, 0x0000000088e00000, 0x0000000088f00000|  0%| F|  |TAMS 0x0000000088e00000| PB 0x0000000088e00000| Untracked 
| 143|0x0000000088f00000, 0x0000000088f80658, 0x0000000089000000| 50%| E|  |TAMS 0x0000000088f00000| PB 0x0000000088f00000| Complete 
| 144|0x0000000089000000, 0x0000000089100000, 0x0000000089100000|100%| E|CS|TAMS 0x0000000089000000| PB 0x0000000089000000| Complete 
| 145|0x0000000089100000, 0x0000000089200000, 0x0000000089200000|100%| E|CS|TAMS 0x0000000089100000| PB 0x0000000089100000| Complete 
| 146|0x0000000089200000, 0x0000000089300000, 0x0000000089300000|100%| E|CS|TAMS 0x0000000089200000| PB 0x0000000089200000| Complete 
| 147|0x0000000089300000, 0x0000000089400000, 0x0000000089400000|100%| E|CS|TAMS 0x0000000089300000| PB 0x0000000089300000| Complete 
| 148|0x0000000089400000, 0x0000000089500000, 0x0000000089500000|100%| E|CS|TAMS 0x0000000089400000| PB 0x0000000089400000| Complete 
| 149|0x0000000089500000, 0x0000000089600000, 0x0000000089600000|100%| E|CS|TAMS 0x0000000089500000| PB 0x0000000089500000| Complete 
| 150|0x0000000089600000, 0x0000000089700000, 0x0000000089700000|100%| E|  |TAMS 0x0000000089600000| PB 0x0000000089600000| Complete 
| 151|0x0000000089700000, 0x0000000089800000, 0x0000000089800000|100%| E|CS|TAMS 0x0000000089700000| PB 0x0000000089700000| Complete 
|2047|0x00000000fff00000, 0x0000000100000000, 0x0000000100000000|100%| E|CS|TAMS 0x00000000fff00000| PB 0x00000000fff00000| Complete 

Card table byte_map: [0x000001a32fa70000,0x000001a32fe70000] _byte_map_base: 0x000001a32f670000

Marking Bits: (CMBitMap*) 0x000001a31b777ad0
 Bits: [0x000001a32fe70000, 0x000001a331e70000)

Polling page: 0x000001a31b7f0000

Metaspace:

Usage:
  Non-class:     59.99 MB used.
      Class:      9.54 MB used.
       Both:     69.53 MB used.

Virtual space:
  Non-class space:       64.00 MB reserved,      60.88 MB ( 95%) committed,  1 nodes.
      Class space:        1.00 GB reserved,      10.44 MB (  1%) committed,  1 nodes.
             Both:        1.06 GB reserved,      71.31 MB (  7%) committed. 

Chunk freelists:
   Non-Class:  2.33 MB
       Class:  5.47 MB
        Both:  7.80 MB

MaxMetaspaceSize: unlimited
CompressedClassSpaceSize: 1.00 GB
Initial GC threshold: 21.00 MB
Current GC threshold: 105.94 MB
CDS: off
 - commit_granule_bytes: 65536.
 - commit_granule_words: 8192.
 - virtual_space_node_default_size: 8388608.
 - enlarge_chunks_in_place: 1.
 - use_allocation_guard: 0.


Internal statistics:

num_allocs_failed_limit: 3.
num_arena_births: 3360.
num_arena_deaths: 0.
num_vsnodes_births: 2.
num_vsnodes_deaths: 0.
num_space_committed: 1141.
num_space_uncommitted: 0.
num_chunks_returned_to_freelist: 3.
num_chunks_taken_from_freelist: 6326.
num_chunk_merges: 3.
num_chunk_splits: 4101.
num_chunks_enlarged: 2536.
num_inconsistent_stats: 0.

CodeHeap 'non-profiled nmethods': size=120000Kb used=3161Kb max_used=3161Kb free=116838Kb
 bounds [0x000001a327b20000, 0x000001a327e40000, 0x000001a32f050000]
CodeHeap 'profiled nmethods': size=120000Kb used=10788Kb max_used=10788Kb free=109211Kb
 bounds [0x000001a320050000, 0x000001a320ae0000, 0x000001a327580000]
CodeHeap 'non-nmethods': size=5760Kb used=2738Kb max_used=2797Kb free=3021Kb
 bounds [0x000001a327580000, 0x000001a327850000, 0x000001a327b20000]
 total_blobs=6524 nmethods=5640 adapters=787
 compilation: enabled
              stopped_count=0, restarted_count=0
 full_count=0

Compilation events (20 events):
Event: 8.988 Thread 0x000001a3346aa170 nmethod 6567 0x000001a320acdb90 code [0x000001a320acde40, 0x000001a320acedf0]
Event: 8.989 Thread 0x000001a3346a76c0 nmethod 6566 0x000001a327e33890 code [0x000001a327e33a80, 0x000001a327e34030]
Event: 8.992 Thread 0x000001a3346a76c0 6568       4       org.gradle.internal.service.DefaultServiceRegistry$ParentServices::getService (12 bytes)
Event: 8.993 Thread 0x000001a3346aa170 6569       1       org.gradle.internal.typeconversion.TypeInfo::getTargetType (5 bytes)
Event: 8.993 Thread 0x000001a3346aa170 nmethod 6569 0x000001a327e34510 code [0x000001a327e346a0, 0x000001a327e34768]
Event: 8.994 Thread 0x000001a3346a76c0 nmethod 6568 0x000001a327e34810 code [0x000001a327e349a0, 0x000001a327e34b40]
Event: 8.995 Thread 0x000001a3346aa170 6570   !   3       java.util.concurrent.ConcurrentHashMap::computeIfAbsent (576 bytes)
Event: 8.997 Thread 0x000001a3346aa170 nmethod 6570 0x000001a320acf310 code [0x000001a320acf760, 0x000001a320ad1a50]
Event: 8.997 Thread 0x000001a3346aa170 6571       3       java.lang.invoke.LambdaForm$MH/0x0000000100144400::invoke (56 bytes)
Event: 8.998 Thread 0x000001a3346aa170 nmethod 6571 0x000001a320ad2b10 code [0x000001a320ad2d20, 0x000001a320ad35e8]
Event: 8.998 Thread 0x000001a3346aa170 6572       3       org.gradle.internal.operations.DefaultBuildOperationRunner::execute (23 bytes)
Event: 8.999 Thread 0x000001a3346aa170 nmethod 6572 0x000001a320ad3810 code [0x000001a320ad39e0, 0x000001a320ad3e48]
Event: 9.000 Thread 0x000001a3346aa170 6573       3       org.gradle.api.internal.artifacts.repositories.resolver.AbstractResourcePattern::isOptionalToken (153 bytes)
Event: 9.000 Thread 0x000001a3346aa170 nmethod 6573 0x000001a320ad4010 code [0x000001a320ad42e0, 0x000001a320ad51d0]
Event: 9.000 Thread 0x000001a3346aa170 6575       3       java.lang.Character::forDigit (42 bytes)
Event: 9.001 Thread 0x000001a3346aa170 nmethod 6575 0x000001a320ad5810 code [0x000001a320ad59c0, 0x000001a320ad5c60]
Event: 9.001 Thread 0x000001a3346aa170 6574       3       java.util.HashSet::<init> (29 bytes)
Event: 9.001 Thread 0x000001a3346aa170 nmethod 6574 0x000001a320ad5d10 code [0x000001a320ad5f00, 0x000001a320ad63e8]
Event: 9.001 Thread 0x000001a3346aa170 6576       3       org.gradle.internal.ImmutableActionSet::empty (10 bytes)
Event: 9.001 Thread 0x000001a3346aa170 nmethod 6576 0x000001a320ad6590 code [0x000001a320ad6720, 0x000001a320ad6870]

GC Heap History (20 events):
Event: 5.336 GC heap before
{Heap before GC invocations=14 (full 0):
 garbage-first heap   total 76800K, used 67427K [0x0000000080000000, 0x0000000100000000)
  region size 1024K, 24 young (24576K), 3 survivors (3072K)
 Metaspace       used 48966K, committed 50304K, reserved 1114112K
  class space    used 6634K, committed 7296K, reserved 1048576K
}
Event: 5.342 GC heap after
{Heap after GC invocations=15 (full 0):
 garbage-first heap   total 92160K, used 49691K [0x0000000080000000, 0x0000000100000000)
  region size 1024K, 3 young (3072K), 3 survivors (3072K)
 Metaspace       used 48966K, committed 50304K, reserved 1114112K
  class space    used 6634K, committed 7296K, reserved 1048576K
}
Event: 5.494 GC heap before
{Heap before GC invocations=15 (full 0):
 garbage-first heap   total 92160K, used 63003K [0x0000000080000000, 0x0000000100000000)
  region size 1024K, 18 young (18432K), 3 survivors (3072K)
 Metaspace       used 49495K, committed 50816K, reserved 1114112K
  class space    used 6686K, committed 7360K, reserved 1048576K
}
Event: 5.498 GC heap after
{Heap after GC invocations=16 (full 0):
 garbage-first heap   total 92160K, used 51031K [0x0000000080000000, 0x0000000100000000)
  region size 1024K, 3 young (3072K), 3 survivors (3072K)
 Metaspace       used 49495K, committed 50816K, reserved 1114112K
  class space    used 6686K, committed 7360K, reserved 1048576K
}
Event: 6.116 GC heap before
{Heap before GC invocations=17 (full 0):
 garbage-first heap   total 92160K, used 84823K [0x0000000080000000, 0x0000000100000000)
  region size 1024K, 31 young (31744K), 3 survivors (3072K)
 Metaspace       used 53783K, committed 55296K, reserved 1114112K
  class space    used 7259K, committed 8000K, reserved 1048576K
}
Event: 6.120 GC heap after
{Heap after GC invocations=18 (full 0):
 garbage-first heap   total 92160K, used 52396K [0x0000000080000000, 0x0000000100000000)
  region size 1024K, 2 young (2048K), 2 survivors (2048K)
 Metaspace       used 53783K, committed 55296K, reserved 1114112K
  class space    used 7259K, committed 8000K, reserved 1048576K
}
Event: 6.590 GC heap before
{Heap before GC invocations=18 (full 0):
 garbage-first heap   total 92160K, used 83116K [0x0000000080000000, 0x0000000100000000)
  region size 1024K, 30 young (30720K), 2 survivors (2048K)
 Metaspace       used 56241K, committed 57792K, reserved 1114112K
  class space    used 7652K, committed 8384K, reserved 1048576K
}
Event: 6.596 GC heap after
{Heap after GC invocations=19 (full 0):
 garbage-first heap   total 92160K, used 57885K [0x0000000080000000, 0x0000000100000000)
  region size 1024K, 4 young (4096K), 4 survivors (4096K)
 Metaspace       used 56241K, committed 57792K, reserved 1114112K
  class space    used 7652K, committed 8384K, reserved 1048576K
}
Event: 6.705 GC heap before
{Heap before GC invocations=19 (full 0):
 garbage-first heap   total 92160K, used 61981K [0x0000000080000000, 0x0000000100000000)
  region size 1024K, 10 young (10240K), 4 survivors (4096K)
 Metaspace       used 56373K, committed 57920K, reserved 1114112K
  class space    used 7653K, committed 8384K, reserved 1048576K
}
Event: 6.709 GC heap after
{Heap after GC invocations=20 (full 0):
 garbage-first heap   total 92160K, used 60108K [0x0000000080000000, 0x0000000100000000)
  region size 1024K, 2 young (2048K), 2 survivors (2048K)
 Metaspace       used 56373K, committed 57920K, reserved 1114112K
  class space    used 7653K, committed 8384K, reserved 1048576K
}
Event: 7.122 GC heap before
{Heap before GC invocations=21 (full 0):
 garbage-first heap   total 111616K, used 95948K [0x0000000080000000, 0x0000000100000000)
  region size 1024K, 24 young (24576K), 2 survivors (2048K)
 Metaspace       used 58762K, committed 60416K, reserved 1114112K
  class space    used 7871K, committed 8704K, reserved 1048576K
}
Event: 7.125 GC heap after
{Heap after GC invocations=22 (full 0):
 garbage-first heap   total 111616K, used 75732K [0x0000000080000000, 0x0000000100000000)
  region size 1024K, 3 young (3072K), 3 survivors (3072K)
 Metaspace       used 58762K, committed 60416K, reserved 1114112K
  class space    used 7871K, committed 8704K, reserved 1048576K
}
Event: 7.249 GC heap before
{Heap before GC invocations=22 (full 0):
 garbage-first heap   total 111616K, used 100308K [0x0000000080000000, 0x0000000100000000)
  region size 1024K, 27 young (27648K), 3 survivors (3072K)
 Metaspace       used 59405K, committed 61056K, reserved 1114112K
  class space    used 7984K, committed 8832K, reserved 1048576K
}
Event: 7.252 GC heap after
{Heap after GC invocations=23 (full 0):
 garbage-first heap   total 111616K, used 76501K [0x0000000080000000, 0x0000000100000000)
  region size 1024K, 1 young (1024K), 1 survivors (1024K)
 Metaspace       used 59405K, committed 61056K, reserved 1114112K
  class space    used 7984K, committed 8832K, reserved 1048576K
}
Event: 7.549 GC heap before
{Heap before GC invocations=23 (full 0):
 garbage-first heap   total 111616K, used 100053K [0x0000000080000000, 0x0000000100000000)
  region size 1024K, 25 young (25600K), 1 survivors (1024K)
 Metaspace       used 62805K, committed 64576K, reserved 1114112K
  class space    used 8436K, committed 9280K, reserved 1048576K
}
Event: 7.552 GC heap after
{Heap after GC invocations=24 (full 0):
 garbage-first heap   total 111616K, used 77218K [0x0000000080000000, 0x0000000100000000)
  region size 1024K, 2 young (2048K), 2 survivors (2048K)
 Metaspace       used 62805K, committed 64576K, reserved 1114112K
  class space    used 8436K, committed 9280K, reserved 1048576K
}
Event: 7.994 GC heap before
{Heap before GC invocations=25 (full 0):
 garbage-first heap   total 130048K, used 100770K [0x0000000080000000, 0x0000000100000000)
  region size 1024K, 26 young (26624K), 2 survivors (2048K)
 Metaspace       used 66334K, committed 68096K, reserved 1114112K
  class space    used 8980K, committed 9856K, reserved 1048576K
}
Event: 7.998 GC heap after
{Heap after GC invocations=26 (full 0):
 garbage-first heap   total 130048K, used 78550K [0x0000000080000000, 0x0000000100000000)
  region size 1024K, 3 young (3072K), 3 survivors (3072K)
 Metaspace       used 66334K, committed 68096K, reserved 1114112K
  class space    used 8980K, committed 9856K, reserved 1048576K
}
Event: 8.704 GC heap before
{Heap before GC invocations=26 (full 0):
 garbage-first heap   total 130048K, used 115414K [0x0000000080000000, 0x0000000100000000)
  region size 1024K, 39 young (39936K), 3 survivors (3072K)
 Metaspace       used 70248K, committed 72000K, reserved 1114112K
  class space    used 9625K, committed 10496K, reserved 1048576K
}
Event: 8.710 GC heap after
{Heap after GC invocations=27 (full 0):
 garbage-first heap   total 156672K, used 79801K [0x0000000080000000, 0x0000000100000000)
  region size 1024K, 5 young (5120K), 5 survivors (5120K)
 Metaspace       used 70248K, committed 72000K, reserved 1114112K
  class space    used 9625K, committed 10496K, reserved 1048576K
}

Dll operation events (3 events):
Event: 0.017 Loaded shared library C:\Program Files\Android\Android Studio\jbr\bin\java.dll
Event: 0.026 Loaded shared library C:\Program Files\Android\Android Studio\jbr\bin\zip.dll
Event: 0.579 Loaded shared library C:\Program Files\Android\Android Studio\jbr\bin\verify.dll

Deoptimization events (20 events):
Event: 8.574 Thread 0x000001a33a98af20 DEOPT PACKING pc=0x000001a327dde024 sp=0x000000577c6f7c60
Event: 8.575 Thread 0x000001a33a98af20 DEOPT UNPACKING pc=0x000001a3275d46a2 sp=0x000000577c6f7c28 mode 2
Event: 8.651 Thread 0x000001a33a98af20 Uncommon trap: trap_request=0xffffff45 fr.pc=0x000001a327b7b024 relative=0x0000000000000404
Event: 8.651 Thread 0x000001a33a98af20 Uncommon trap: reason=unstable_if action=reinterpret pc=0x000001a327b7b024 method=org.gradle.internal.reflect.PropertyAccessorType.isGetGetterName(Ljava/lang/String;)Z @ 14 c2
Event: 8.651 Thread 0x000001a33a98af20 DEOPT PACKING pc=0x000001a327b7b024 sp=0x000000577c6f8600
Event: 8.651 Thread 0x000001a33a98af20 DEOPT UNPACKING pc=0x000001a3275d46a2 sp=0x000000577c6f8558 mode 2
Event: 8.696 Thread 0x000001a33a98af20 Uncommon trap: trap_request=0xffffff45 fr.pc=0x000001a327dd8838 relative=0x0000000000001798
Event: 8.696 Thread 0x000001a33a98af20 Uncommon trap: reason=unstable_if action=reinterpret pc=0x000001a327dd8838 method=java.util.concurrent.ConcurrentHashMap.computeIfAbsent(Ljava/lang/Object;Ljava/util/function/Function;)Ljava/lang/Object; @ 123 c2
Event: 8.696 Thread 0x000001a33a98af20 DEOPT PACKING pc=0x000001a327dd8838 sp=0x000000577c6f9430
Event: 8.696 Thread 0x000001a33a98af20 DEOPT UNPACKING pc=0x000001a3275d46a2 sp=0x000000577c6f93c0 mode 2
Event: 8.701 Thread 0x000001a33a98af20 DEOPT PACKING pc=0x000001a32048fa09 sp=0x000000577c6f8c30
Event: 8.701 Thread 0x000001a33a98af20 DEOPT UNPACKING pc=0x000001a3275d4e42 sp=0x000000577c6f8130 mode 0
Event: 8.959 Thread 0x000001a33a98af20 Uncommon trap: trap_request=0xffffffc6 fr.pc=0x000001a327ccb7ec relative=0x000000000000030c
Event: 8.959 Thread 0x000001a33a98af20 Uncommon trap: reason=bimorphic_or_optimized_type_check action=maybe_recompile pc=0x000001a327ccb7ec method=com.google.common.base.CharMatcher.indexIn(Ljava/lang/CharSequence;I)I @ 31 c2
Event: 8.959 Thread 0x000001a33a98af20 DEOPT PACKING pc=0x000001a327ccb7ec sp=0x000000577c6f8b30
Event: 8.959 Thread 0x000001a33a98af20 DEOPT UNPACKING pc=0x000001a3275d46a2 sp=0x000000577c6f8ad8 mode 2
Event: 8.968 Thread 0x000001a33a98af20 Uncommon trap: trap_request=0xffffffc6 fr.pc=0x000001a327ccb7ec relative=0x000000000000030c
Event: 8.968 Thread 0x000001a33a98af20 Uncommon trap: reason=bimorphic_or_optimized_type_check action=maybe_recompile pc=0x000001a327ccb7ec method=com.google.common.base.CharMatcher.indexIn(Ljava/lang/CharSequence;I)I @ 31 c2
Event: 8.968 Thread 0x000001a33a98af20 DEOPT PACKING pc=0x000001a327ccb7ec sp=0x000000577c6f8320
Event: 8.968 Thread 0x000001a33a98af20 DEOPT UNPACKING pc=0x000001a3275d46a2 sp=0x000000577c6f82c8 mode 2

Classes loaded (20 events):
Event: 8.253 Loading class java/util/IdentityHashMap$EntrySet
Event: 8.253 Loading class java/util/IdentityHashMap$EntrySet done
Event: 8.253 Loading class java/util/IdentityHashMap$EntryIterator
Event: 8.253 Loading class java/util/IdentityHashMap$IdentityHashMapIterator
Event: 8.253 Loading class java/util/IdentityHashMap$IdentityHashMapIterator done
Event: 8.253 Loading class java/util/IdentityHashMap$EntryIterator done
Event: 8.253 Loading class java/util/IdentityHashMap$EntryIterator$Entry
Event: 8.253 Loading class java/util/IdentityHashMap$EntryIterator$Entry done
Event: 8.306 Loading class java/lang/invoke/SerializedLambda$1
Event: 8.306 Loading class java/lang/invoke/SerializedLambda$1 done
Event: 8.326 Loading class org/xml/sax/Locator
Event: 8.326 Loading class org/xml/sax/Locator done
Event: 8.327 Loading class org/xml/sax/SAXParseException
Event: 8.327 Loading class org/xml/sax/SAXParseException done
Event: 8.328 Loading class org/xml/sax/Attributes
Event: 8.328 Loading class org/xml/sax/Attributes done
Event: 8.397 Loading class java/util/DualPivotQuicksort
Event: 8.397 Loading class java/util/DualPivotQuicksort done
Event: 8.647 Loading class java/util/function/LongUnaryOperator
Event: 8.647 Loading class java/util/function/LongUnaryOperator done

Classes unloaded (0 events):
No events

Classes redefined (0 events):
No events

Internal exceptions (20 events):
Event: 8.302 Thread 0x000001a33a98af20 Exception <a 'java/lang/ClassNotFoundException'{0x0000000086added0}: org/gradle/api/invocation/GradleCustomizer> (0x0000000086added0) 
thrown [s\src\hotspot\share\classfile\systemDictionary.cpp, line 312]
Event: 8.305 Thread 0x000001a33a98af20 Exception <a 'java/lang/NoSuchMethodError'{0x00000000869009a8}: 'void java.lang.invoke.Invokers$Holder.invokeExact_MT(java.lang.Object, java.lang.Object, int, java.lang.Object)'> (0x00000000869009a8) 
thrown [s\src\hotspot\share\interpreter\linkResolver.cpp, line 784]
Event: 8.308 Thread 0x000001a33a98af20 Exception <a 'java/lang/NoSuchMethodError'{0x0000000086922850}: 'void java.lang.invoke.Invokers$Holder.invokeExact_MT(java.lang.Object, java.lang.Object, long, java.lang.Object)'> (0x0000000086922850) 
thrown [s\src\hotspot\share\interpreter\linkResolver.cpp, line 784]
Event: 8.320 Thread 0x000001a33a98af20 Exception <a 'java/lang/ClassNotFoundException'{0x00000000868572a8}: org/gradle/api/internal/project/DefaultProject_DecoratedBeanInfo> (0x00000000868572a8) 
thrown [s\src\hotspot\share\classfile\systemDictionary.cpp, line 312]
Event: 8.320 Thread 0x000001a33a98af20 Exception <a 'java/lang/ClassNotFoundException'{0x0000000086862d78}: org/gradle/api/internal/project/DefaultProjectBeanInfo> (0x0000000086862d78) 
thrown [s\src\hotspot\share\classfile\systemDictionary.cpp, line 312]
Event: 8.320 Thread 0x000001a33a98af20 Exception <a 'java/lang/ClassNotFoundException'{0x000000008686e8b0}: org/gradle/api/internal/project/DefaultProjectCustomizer> (0x000000008686e8b0) 
thrown [s\src\hotspot\share\classfile\systemDictionary.cpp, line 312]
Event: 8.324 Thread 0x000001a33a98af20 Exception <a 'java/lang/ClassNotFoundException'{0x000000008672d240}: org/gradle/api/internal/project/DefaultProject_DecoratedCustomizer> (0x000000008672d240) 
thrown [s\src\hotspot\share\classfile\systemDictionary.cpp, line 312]
Event: 8.413 Thread 0x000001a33a98af20 Exception <a 'java/lang/NoSuchMethodError'{0x0000000085ff3dd8}: 'java.lang.Object java.lang.invoke.DirectMethodHandle$Holder.invokeInterface(java.lang.Object, java.lang.Object, int)'> (0x0000000085ff3dd8) 
thrown [s\src\hotspot\share\interpreter\linkResolver.cpp, line 784]
Event: 8.647 Thread 0x000001a33a98af20 Exception <a 'java/lang/NoSuchMethodError'{0x0000000085ba17d8}: 'long java.lang.invoke.DirectMethodHandle$Holder.invokeStatic(java.lang.Object, long)'> (0x0000000085ba17d8) 
thrown [s\src\hotspot\share\interpreter\linkResolver.cpp, line 784]
Event: 8.721 Thread 0x000001a33a98af20 Exception <a 'java/lang/NoSuchMethodError'{0x00000000fffb1e40}: 'java.lang.Object java.lang.invoke.DirectMethodHandle$Holder.invokeVirtual(java.lang.Object, java.lang.Object, java.lang.Object, java.lang.Object, java.lang.Object, java.lang.Object, java.lang.Object, java.lang.Object, java.lang.Object, java.lang.Object, java.lang.Object, java.lang.Object, java.lang.Object, java.lang.Object, java.lang.Object, java.lang.Object, java.lang.Object)'> (0x00000000fffb1e40) 
thrown [s\src\hotspot\share\interpreter\li
Event: 8.722 Thread 0x000001a33a98af20 Exception <a 'java/lang/NoSuchMethodError'{0x00000000fffb7cd8}: 'java.lang.Object java.lang.invoke.DirectMethodHandle$Holder.invokeSpecial(java.lang.Object, java.lang.Object, java.lang.Object, java.lang.Object, java.lang.Object, java.lang.Object, java.lang.Object, java.lang.Object, java.lang.Object, java.lang.Object, java.lang.Object, java.lang.Object, java.lang.Object, java.lang.Object, java.lang.Object, java.lang.Object, java.lang.Object, java.lang.Object)'> (0x00000000fffb7cd8) 
thrown [s\src\hotspot\sh
Event: 8.723 Thread 0x000001a33a98af20 Exception <a 'java/lang/NoSuchMethodError'{0x00000000fffbd4a8}: 'java.lang.Object java.lang.invoke.DelegatingMethodHandle$Holder.reinvoke_L(java.lang.Object, java.lang.Object, java.lang.Object, java.lang.Object, java.lang.Object, java.lang.Object, java.lang.Object, java.lang.Object, java.lang.Object, java.lang.Object, java.lang.Object, java.lang.Object, java.lang.Object, java.lang.Object, java.lang.Object, java.lang.Object, java.lang.Object)'> (0x00000000fffbd4a8) 
thrown [s\src\hotspot\share\interpreter\l
Event: 8.801 Thread 0x000001a33a98af20 Exception <a 'java/lang/NoSuchMethodError'{0x0000000089749940}: 'void java.lang.invoke.DirectMethodHandle$Holder.invokeStatic(java.lang.Object, java.lang.Object, java.lang.Object, java.lang.Object, java.lang.Object, java.lang.Object)'> (0x0000000089749940) 
thrown [s\src\hotspot\share\interpreter\linkResolver.cpp, line 784]
Event: 8.916 Thread 0x000001a33a98af20 Exception <a 'java/lang/NoSuchMethodError'{0x000000008947cae8}: static Lorg/gradle/api/internal/catalog/DefaultVersionCatalog;.<clinit>()V> (0x000000008947cae8) 
thrown [s\src\hotspot\share\prims\jni.cpp, line 1135]
Event: 8.923 Thread 0x000001a33a98af20 Exception <a 'java/lang/NoSuchMethodError'{0x00000000894d5030}: static [Ljava/lang/Object;.<clinit>()V> (0x00000000894d5030) 
thrown [s\src\hotspot\share\prims\jni.cpp, line 1135]
Event: 8.925 Thread 0x000001a33a98af20 Exception <a 'java/lang/NoSuchMethodError'{0x00000000894fdf38}: static Lorg/gradle/api/internal/catalog/DependencyModel;.<clinit>()V> (0x00000000894fdf38) 
thrown [s\src\hotspot\share\prims\jni.cpp, line 1135]
Event: 8.925 Thread 0x000001a33a98af20 Exception <a 'java/lang/NoSuchMethodError'{0x00000000893023d8}: static Lorg/gradle/api/internal/catalog/AbstractContextAwareModel;.<clinit>()V> (0x00000000893023d8) 
thrown [s\src\hotspot\share\prims\jni.cpp, line 1135]
Event: 8.926 Thread 0x000001a33a98af20 Exception <a 'java/lang/NoSuchMethodError'{0x000000008931bde8}: static Lorg/gradle/api/internal/artifacts/dependencies/AbstractVersionConstraint;.<clinit>()V> (0x000000008931bde8) 
thrown [s\src\hotspot\share\prims\jni.cpp, line 1135]
Event: 8.937 Thread 0x000001a33a98af20 Exception <a 'java/lang/NoSuchMethodError'{0x00000000893c59e8}: static Lorg/gradle/api/internal/catalog/PluginModel;.<clinit>()V> (0x00000000893c59e8) 
thrown [s\src\hotspot\share\prims\jni.cpp, line 1135]
Event: 8.938 Thread 0x000001a33a98af20 Exception <a 'java/lang/NoSuchMethodError'{0x00000000893dd4e0}: static Lorg/gradle/api/internal/catalog/VersionModel;.<clinit>()V> (0x00000000893dd4e0) 
thrown [s\src\hotspot\share\prims\jni.cpp, line 1135]

ZGC Phase Switch (0 events):
No events

VM Operations (20 events):
Event: 7.249 Executing VM operation: G1CollectForAllocation (G1 Evacuation Pause)
Event: 7.252 Executing VM operation: G1CollectForAllocation (G1 Evacuation Pause) done
Event: 7.549 Executing VM operation: G1CollectForAllocation (G1 Evacuation Pause)
Event: 7.552 Executing VM operation: G1CollectForAllocation (G1 Evacuation Pause) done
Event: 7.611 Executing VM operation: G1PauseRemark
Event: 7.615 Executing VM operation: G1PauseRemark done
Event: 7.640 Executing VM operation: G1PauseCleanup
Event: 7.640 Executing VM operation: G1PauseCleanup done
Event: 7.964 Executing VM operation: HandshakeAllThreads (Deoptimize)
Event: 7.964 Executing VM operation: HandshakeAllThreads (Deoptimize) done
Event: 7.983 Executing VM operation: HandshakeAllThreads (Deoptimize)
Event: 7.984 Executing VM operation: HandshakeAllThreads (Deoptimize) done
Event: 7.994 Executing VM operation: G1CollectForAllocation (G1 Evacuation Pause)
Event: 7.998 Executing VM operation: G1CollectForAllocation (G1 Evacuation Pause) done
Event: 8.179 Executing VM operation: HandshakeAllThreads (Deoptimize)
Event: 8.179 Executing VM operation: HandshakeAllThreads (Deoptimize) done
Event: 8.273 Executing VM operation: HandshakeAllThreads (Deoptimize)
Event: 8.273 Executing VM operation: HandshakeAllThreads (Deoptimize) done
Event: 8.703 Executing VM operation: G1CollectForAllocation (G1 Evacuation Pause)
Event: 8.710 Executing VM operation: G1CollectForAllocation (G1 Evacuation Pause) done

Memory protections (0 events):
No events

Nmethod flushes (20 events):
Event: 7.614 Thread 0x000001a3344bd9f0 flushing  nmethod 0x000001a32022fa10
Event: 7.614 Thread 0x000001a3344bd9f0 flushing  nmethod 0x000001a320230890
Event: 7.614 Thread 0x000001a3344bd9f0 flushing  nmethod 0x000001a32026fa10
Event: 7.614 Thread 0x000001a3344bd9f0 flushing  nmethod 0x000001a32029b510
Event: 7.614 Thread 0x000001a3344bd9f0 flushing  nmethod 0x000001a3202df990
Event: 7.614 Thread 0x000001a3344bd9f0 flushing  nmethod 0x000001a32037d490
Event: 7.614 Thread 0x000001a3344bd9f0 flushing  nmethod 0x000001a3203ddc10
Event: 7.614 Thread 0x000001a3344bd9f0 flushing  nmethod 0x000001a3203de090
Event: 7.614 Thread 0x000001a3344bd9f0 flushing  nmethod 0x000001a3203e3e10
Event: 7.614 Thread 0x000001a3344bd9f0 flushing  nmethod 0x000001a320412110
Event: 7.614 Thread 0x000001a3344bd9f0 flushing  nmethod 0x000001a320466810
Event: 7.614 Thread 0x000001a3344bd9f0 flushing  nmethod 0x000001a320467290
Event: 7.614 Thread 0x000001a3344bd9f0 flushing  nmethod 0x000001a320478110
Event: 7.614 Thread 0x000001a3344bd9f0 flushing  nmethod 0x000001a3205ba510
Event: 7.614 Thread 0x000001a3344bd9f0 flushing  nmethod 0x000001a3205d1010
Event: 7.614 Thread 0x000001a3344bd9f0 flushing  nmethod 0x000001a32064f510
Event: 7.614 Thread 0x000001a3344bd9f0 flushing  nmethod 0x000001a3206a9490
Event: 7.614 Thread 0x000001a3344bd9f0 flushing  nmethod 0x000001a3206f0c10
Event: 7.614 Thread 0x000001a3344bd9f0 flushing  nmethod 0x000001a3207bb410
Event: 7.614 Thread 0x000001a3344bd9f0 flushing  nmethod 0x000001a320859190

Events (20 events):
Event: 3.690 Thread 0x000001a33a98af20 Thread added: 0x000001a33d0448d0
Event: 3.690 Thread 0x000001a33a98af20 Thread added: 0x000001a33d0455f0
Event: 4.328 Thread 0x000001a33a98af20 Thread added: 0x000001a33d045c80
Event: 4.357 Thread 0x000001a33a98af20 Thread added: 0x000001a33d046310
Event: 4.488 Thread 0x000001a33a98af20 Thread added: 0x000001a33d044f60
Event: 4.585 Thread 0x000001a33a98af20 Thread added: 0x000001a33c7c9fd0
Event: 6.310 Thread 0x000001a33a98af20 Thread added: 0x000001a33c7cc730
Event: 6.311 Thread 0x000001a33a98af20 Thread added: 0x000001a33c7ca660
Event: 6.347 Thread 0x000001a33a98af20 Thread added: 0x000001a33c7ce170
Event: 6.348 Thread 0x000001a33a98af20 Thread added: 0x000001a33c7ccdc0
Event: 6.501 Thread 0x000001a33a98af20 Thread added: 0x000001a33c7c7f00
Event: 6.502 Thread 0x000001a33a98af20 Thread added: 0x000001a33c7cacf0
Event: 6.502 Thread 0x000001a33a98af20 Thread added: 0x000001a33c7ce800
Event: 6.538 Thread 0x000001a33a98af20 Thread added: 0x000001a33c7cba10
Event: 6.539 Thread 0x000001a33a98af20 Thread added: 0x000001a33c7cd450
Event: 6.540 Thread 0x000001a33a98af20 Thread added: 0x000001a33c7cee90
Event: 6.944 Thread 0x000001a33907bed0 Thread exited: 0x000001a33907bed0
Event: 7.715 Thread 0x000001a3346aa170 Thread added: 0x000001a33907bed0
Event: 8.587 Thread 0x000001a33907bed0 Thread exited: 0x000001a33907bed0
Event: 8.853 Thread 0x000001a3346aa170 Thread added: 0x000001a33907bed0


Dynamic libraries:
0x00007ff73edc0000 - 0x00007ff73edca000 	C:\Program Files\Android\Android Studio\jbr\bin\java.exe
0x00007ffe40250000 - 0x00007ffe40448000 	C:\Windows\SYSTEM32\ntdll.dll
0x00007ffe3e2e0000 - 0x00007ffe3e3a2000 	C:\Windows\System32\KERNEL32.DLL
0x00007ffe3dc50000 - 0x00007ffe3df4f000 	C:\Windows\System32\KERNELBASE.dll
0x00007ffe3e120000 - 0x00007ffe3e220000 	C:\Windows\System32\ucrtbase.dll
0x00007ffe0a000000 - 0x00007ffe0a018000 	C:\Program Files\Android\Android Studio\jbr\bin\jli.dll
0x00007ffde3cf0000 - 0x00007ffde3d0b000 	C:\Program Files\Android\Android Studio\jbr\bin\VCRUNTIME140.dll
0x00007ffe3f770000 - 0x00007ffe3f90d000 	C:\Windows\System32\USER32.dll
0x00007ffe3d8f0000 - 0x00007ffe3d912000 	C:\Windows\System32\win32u.dll
0x00007ffe18250000 - 0x00007ffe184ea000 	C:\Windows\WinSxS\amd64_microsoft.windows.common-controls_6595b64144ccf1df_6.0.19041.4355_none_60b8b9eb71f62e16\COMCTL32.dll
0x00007ffe3f740000 - 0x00007ffe3f76b000 	C:\Windows\System32\GDI32.dll
0x00007ffe3df50000 - 0x00007ffe3e06a000 	C:\Windows\System32\gdi32full.dll
0x00007ffe3ff80000 - 0x00007ffe4001e000 	C:\Windows\System32\msvcrt.dll
0x00007ffe3dbb0000 - 0x00007ffe3dc4d000 	C:\Windows\System32\msvcp_win.dll
0x00007ffe3f910000 - 0x00007ffe3f93f000 	C:\Windows\System32\IMM32.DLL
0x00007ffdf5460000 - 0x00007ffdf546c000 	C:\Program Files\Android\Android Studio\jbr\bin\vcruntime140_1.dll
0x00007ffe08570000 - 0x00007ffe085fd000 	C:\Program Files\Android\Android Studio\jbr\bin\msvcp140.dll
0x00007ffda1ec0000 - 0x00007ffda2b43000 	C:\Program Files\Android\Android Studio\jbr\bin\server\jvm.dll
0x00007ffe3f940000 - 0x00007ffe3f9ef000 	C:\Windows\System32\ADVAPI32.dll
0x00007ffe3ed70000 - 0x00007ffe3ee0f000 	C:\Windows\System32\sechost.dll
0x00007ffe3e440000 - 0x00007ffe3e563000 	C:\Windows\System32\RPCRT4.dll
0x00007ffe3db80000 - 0x00007ffe3dba7000 	C:\Windows\System32\bcrypt.dll
0x00007ffe3fde0000 - 0x00007ffe3fe4b000 	C:\Windows\System32\WS2_32.dll
0x00007ffe3d6a0000 - 0x00007ffe3d6eb000 	C:\Windows\SYSTEM32\POWRPROF.dll
0x00007ffe293e0000 - 0x00007ffe29407000 	C:\Windows\SYSTEM32\WINMM.dll
0x00007ffe388c0000 - 0x00007ffe388ca000 	C:\Windows\SYSTEM32\VERSION.dll
0x00007ffe3d680000 - 0x00007ffe3d692000 	C:\Windows\SYSTEM32\UMPDC.dll
0x00007ffe3b750000 - 0x00007ffe3b762000 	C:\Windows\SYSTEM32\kernel.appcore.dll
0x00007ffdf4500000 - 0x00007ffdf450a000 	C:\Program Files\Android\Android Studio\jbr\bin\jimage.dll
0x00007ffe2d3b0000 - 0x00007ffe2d594000 	C:\Windows\SYSTEM32\DBGHELP.DLL
0x00007ffe2d370000 - 0x00007ffe2d3a4000 	C:\Windows\SYSTEM32\dbgcore.DLL
0x00007ffe3da80000 - 0x00007ffe3db02000 	C:\Windows\System32\bcryptPrimitives.dll
0x00007ffe29b40000 - 0x00007ffe29b4e000 	C:\Program Files\Android\Android Studio\jbr\bin\instrument.dll
0x00007ffde3c00000 - 0x00007ffde3c20000 	C:\Program Files\Android\Android Studio\jbr\bin\java.dll
0x00007ffde3450000 - 0x00007ffde3468000 	C:\Program Files\Android\Android Studio\jbr\bin\zip.dll
0x00007ffe3efd0000 - 0x00007ffe3f73d000 	C:\Windows\System32\SHELL32.dll
0x00007ffe3b950000 - 0x00007ffe3c0f4000 	C:\Windows\SYSTEM32\windows.storage.dll
0x00007ffe3f9f0000 - 0x00007ffe3fd45000 	C:\Windows\System32\combase.dll
0x00007ffe3d170000 - 0x00007ffe3d19f000 	C:\Windows\SYSTEM32\Wldp.dll
0x00007ffe40020000 - 0x00007ffe400ed000 	C:\Windows\System32\OLEAUT32.dll
0x00007ffe3e620000 - 0x00007ffe3e6cd000 	C:\Windows\System32\SHCORE.dll
0x00007ffe3e3e0000 - 0x00007ffe3e435000 	C:\Windows\System32\shlwapi.dll
0x00007ffe3d820000 - 0x00007ffe3d844000 	C:\Windows\SYSTEM32\profapi.dll
0x00007ffdf43c0000 - 0x00007ffdf43d0000 	C:\Program Files\Android\Android Studio\jbr\bin\net.dll
0x00007ffe377d0000 - 0x00007ffe378da000 	C:\Windows\SYSTEM32\WINHTTP.dll
0x00007ffe3cf50000 - 0x00007ffe3cfbc000 	C:\Windows\system32\mswsock.dll
0x00007ffdde870000 - 0x00007ffdde886000 	C:\Program Files\Android\Android Studio\jbr\bin\nio.dll
0x00007ffe0a0b0000 - 0x00007ffe0a0c0000 	C:\Program Files\Android\Android Studio\jbr\bin\verify.dll
0x00007ffe02cb0000 - 0x00007ffe02cd7000 	C:\Users\Usuario\.gradle\native\c067742578af261105cb4f569cf0c3c89f3d7b1fecec35dd04571415982c5e48\windows-amd64\native-platform.dll
0x00007ffdf51b0000 - 0x00007ffdf52f4000 	C:\Users\Usuario\.gradle\native\100fb08df4bc3b14c8652ba06237920a3bd2aa13389f12d3474272988ae205f9\windows-amd64\native-platform-file-events.dll
0x00007ffde34a0000 - 0x00007ffde34a9000 	C:\Program Files\Android\Android Studio\jbr\bin\management.dll
0x00007ffddaee0000 - 0x00007ffddaeeb000 	C:\Program Files\Android\Android Studio\jbr\bin\management_ext.dll
0x00007ffe3e2d0000 - 0x00007ffe3e2d8000 	C:\Windows\System32\PSAPI.DLL
0x00007ffe3d1b0000 - 0x00007ffe3d1c8000 	C:\Windows\SYSTEM32\CRYPTSP.dll
0x00007ffe3c890000 - 0x00007ffe3c8c4000 	C:\Windows\system32\rsaenh.dll
0x00007ffe3d7e0000 - 0x00007ffe3d80e000 	C:\Windows\SYSTEM32\USERENV.dll
0x00007ffe3d0e0000 - 0x00007ffe3d0ec000 	C:\Windows\SYSTEM32\CRYPTBASE.dll
0x00007ffe3cc50000 - 0x00007ffe3cc8b000 	C:\Windows\SYSTEM32\IPHLPAPI.DLL
0x00007ffe3ed60000 - 0x00007ffe3ed68000 	C:\Windows\System32\NSI.dll
0x00007ffde3630000 - 0x00007ffde3639000 	C:\Program Files\Android\Android Studio\jbr\bin\extnet.dll
0x00007ffde7690000 - 0x00007ffde7697000 	C:\Windows\system32\wshunix.dll

dbghelp: loaded successfully - version: 4.0.5 - missing functions: none
symbol engine: initialized successfully - sym options: 0x614 - pdb path: .;C:\Program Files\Android\Android Studio\jbr\bin;C:\Windows\SYSTEM32;C:\Windows\WinSxS\amd64_microsoft.windows.common-controls_6595b64144ccf1df_6.0.19041.4355_none_60b8b9eb71f62e16;C:\Program Files\Android\Android Studio\jbr\bin\server;C:\Users\Usuario\.gradle\native\c067742578af261105cb4f569cf0c3c89f3d7b1fecec35dd04571415982c5e48\windows-amd64;C:\Users\Usuario\.gradle\native\100fb08df4bc3b14c8652ba06237920a3bd2aa13389f12d3474272988ae205f9\windows-amd64

VM Arguments:
jvm_args: --add-opens=java.base/java.util=ALL-UNNAMED --add-opens=java.base/java.lang=ALL-UNNAMED --add-opens=java.base/java.lang.invoke=ALL-UNNAMED --add-opens=java.prefs/java.util.prefs=ALL-UNNAMED --add-exports=jdk.compiler/com.sun.tools.javac.api=ALL-UNNAMED --add-exports=jdk.compiler/com.sun.tools.javac.util=ALL-UNNAMED --add-opens=java.base/java.nio.charset=ALL-UNNAMED --add-opens=java.base/java.net=ALL-UNNAMED --add-opens=java.base/java.util.concurrent.atomic=ALL-UNNAMED -Xmx2048m -Dfile.encoding=UTF-8 -Duser.country=MX -Duser.language=es -Duser.variant -javaagent:C:\Users\Usuario\.gradle\wrapper\dists\gradle-8.10.2-bin\a04bxjujx95o3nb99gddekhwo\gradle-8.10.2\lib\agents\gradle-instrumentation-agent-8.10.2.jar 
java_command: org.gradle.launcher.daemon.bootstrap.GradleDaemon 8.10.2
java_class_path (initial): C:\Users\Usuario\.gradle\wrapper\dists\gradle-8.10.2-bin\a04bxjujx95o3nb99gddekhwo\gradle-8.10.2\lib\gradle-daemon-main-8.10.2.jar
Launcher Type: SUN_STANDARD

[Global flags]
     intx CICompilerCount                          = 3                                         {product} {ergonomic}
     uint ConcGCThreads                            = 1                                         {product} {ergonomic}
     uint G1ConcRefinementThreads                  = 4                                         {product} {ergonomic}
   size_t G1HeapRegionSize                         = 1048576                                   {product} {ergonomic}
    uintx GCDrainStackTargetSize                   = 64                                        {product} {ergonomic}
   size_t InitialHeapSize                          = 134217728                                 {product} {ergonomic}
   size_t MarkStackSize                            = 4194304                                   {product} {ergonomic}
   size_t MaxHeapSize                              = 2147483648                                {product} {command line}
   size_t MaxNewSize                               = 1287651328                                {product} {ergonomic}
   size_t MinHeapDeltaBytes                        = 1048576                                   {product} {ergonomic}
   size_t MinHeapSize                              = 8388608                                   {product} {ergonomic}
    uintx NonNMethodCodeHeapSize                   = 5832780                                {pd product} {ergonomic}
    uintx NonProfiledCodeHeapSize                  = 122912730                              {pd product} {ergonomic}
    uintx ProfiledCodeHeapSize                     = 122912730                              {pd product} {ergonomic}
    uintx ReservedCodeCacheSize                    = 251658240                              {pd product} {ergonomic}
     bool SegmentedCodeCache                       = true                                      {product} {ergonomic}
   size_t SoftMaxHeapSize                          = 2147483648                             {manageable} {ergonomic}
     bool UseCompressedOops                        = true                           {product lp64_product} {ergonomic}
     bool UseG1GC                                  = true                                      {product} {ergonomic}
     bool UseLargePagesIndividualAllocation        = false                                  {pd product} {ergonomic}

Logging:
Log output configuration:
 #0: stdout all=warning uptime,level,tags foldmultilines=false
 #1: stderr all=off uptime,level,tags foldmultilines=false

Environment Variables:
JAVA_HOME=C:\Program Files\Java\jdk-17
PATH=C:\Program Files\Java\jdk-17\bin;C:\Program Files (x86)\VMware\VMware Player\bin\;C:\oraclexe\app\oracle\product\11.2.0\server\bin;C:\Windows\system32;C:\Windows;C:\Windows\System32\Wbem;C:\Windows\System32\WindowsPowerShell\v1.0\;C:\Windows\System32\OpenSSH\;C:\Program Files (x86)\Firebird\Firebird_2_5\bin\;C:\Program Files (x86)\Aspel\Aspel-SAE 8.0\;;C:\Program Files\Docker\Docker\resources\bin;C:\Program Files (x86)\Aspel\Aspel-COI 9.0\;C:\Program Files (x86)\Aspel\Aspel-NOI 10.0\;C:\Program Files (x86)\Aspel\Aspel-CAJA 4.0\;C:\Program Files (x86)\Aspel\Aspel-BANCO 5.0\;C:\Program Files (x86)\Microsoft SQL Server\160\DTS\Binn\;C:\Program Files\PuTTY\;C:\Users\Usuario\AppData\Local\Programs\Python\Python313\Scripts\;C:\Users\Usuario\AppData\Local\Programs\Python\Python313\;C:\Users\Usuario\AppData\Local\Microsoft\WindowsApps;C:\Users\Usuario\AppData\Local\Programs\Microsoft VS Code\bin
USERNAME=Usuario
OS=Windows_NT
PROCESSOR_IDENTIFIER=Intel64 Family 6 Model 158 Stepping 9, GenuineIntel
TMP=C:\Users\Usuario\AppData\Local\Temp
TEMP=C:\Users\Usuario\AppData\Local\Temp




Periodic native trim disabled

JNI global refs:
JNI global refs: 25, weak refs: 0

JNI global refs memory usage: 835, weak refs: 833

Process memory usage:
Resident Set Size: 338748K (4% of 8260828K total physical memory with 411400K free physical memory)

OOME stack traces (most recent first):
Classloader memory used:
Loader org.gradle.internal.classloader.VisitableURLClassLoader                         : 35779K
Loader bootstrap                                                                       : 22990K
Loader org.gradle.initialization.MixInLegacyTypesClassLoader                           : 9665K
Loader org.gradle.internal.classloader.VisitableURLClassLoader                         : 897K
Loader org.gradle.internal.classloader.VisitableURLClassLoader$InstrumentingVisitableURLClassLoader: 706K
Loader jdk.internal.loader.ClassLoaders$PlatformClassLoader                            : 551K
Loader jdk.internal.reflect.DelegatingClassLoader                                      : 257K
Loader jdk.internal.loader.ClassLoaders$AppClassLoader                                 : 234K
Loader org.gradle.groovy.scripts.internal.DefaultScriptCompilationHandler$ScriptClassLoader: 89056B
Loader org.codehaus.groovy.runtime.callsite.CallSiteClassLoader                        : 49648B

Classes loaded by more than one classloader:
Class org.gradle.api.GradleException                                                  : loaded 3 times (x 78B)
Class Program                                                                         : loaded 3 times (x 68B)
Class org.gradle.api.internal.classpath.ManifestUtil                                  : loaded 2 times (x 67B)
Class org.jetbrains.plugins.gradle.model.GradleExtensions                             : loaded 2 times (x 66B)
Class org.jetbrains.plugins.gradle.model.AnnotationProcessingModel                    : loaded 2 times (x 66B)
Class org.gradle.internal.operations.MultipleBuildOperationFailures                   : loaded 2 times (x 91B)
Class org.jetbrains.kotlin.idea.gradleTooling.model.noarg.NoArgModel                  : loaded 2 times (x 66B)
Class org.gradle.internal.classloader.DefaultClassLoaderFactory                       : loaded 2 times (x 78B)
Class kotlin.collections.AbstractList$Companion                                       : loaded 2 times (x 67B)
Class org.gradle.internal.classloader.ClassLoaderVisitor                              : loaded 2 times (x 72B)
Class org.gradle.api.internal.classpath.EffectiveClassPath                            : loaded 2 times (x 86B)
Class org.gradle.tooling.internal.gradle.DefaultProjectIdentifier                     : loaded 2 times (x 82B)
Class org.jetbrains.kotlin.idea.gradleTooling.model.allopen.AllOpenModel              : loaded 2 times (x 66B)
Class org.gradle.api.internal.DefaultClassPathProvider                                : loaded 2 times (x 72B)
Class [Lorg.gradle.api.internal.ClassPathProvider;                                    : loaded 2 times (x 65B)
Class org.gradle.api.internal.ClassPathProvider                                       : loaded 2 times (x 66B)
Class org.gradle.internal.service.UnknownServiceException                             : loaded 2 times (x 79B)
Class org.jetbrains.kotlin.idea.gradleTooling.KotlinDslScriptAdditionalTask           : loaded 2 times (x 66B)
Class ijInit1_23rxrqouhm0eodqwa62g83x6h                                               : loaded 2 times (x 175B)
Class org.gradle.internal.classpath.TransformedClassPath                              : loaded 2 times (x 92B)
Class org.gradle.internal.classloader.InstrumentingClassLoader                        : loaded 2 times (x 66B)
Class org.gradle.internal.classloader.ClassLoaderHierarchy                            : loaded 2 times (x 66B)
Class org.jetbrains.plugins.gradle.model.IntelliJSettings                             : loaded 2 times (x 66B)
Class org.jetbrains.kotlin.idea.gradleTooling.KotlinSourceSetContainer                : loaded 2 times (x 66B)
Class org.gradle.internal.service.ServiceLocator                                      : loaded 2 times (x 66B)
Class org.jetbrains.kotlin.android.synthetic.idea.AndroidExtensionsGradleModel        : loaded 2 times (x 66B)
Class org.gradle.tooling.model.UnsupportedMethodException                             : loaded 2 times (x 78B)
Class org.gradle.internal.InternalTransformer                                         : loaded 2 times (x 66B)
Class org.gradle.internal.time.DefaultTimer                                           : loaded 2 times (x 76B)
Class org.gradle.internal.classloader.ClasspathUtil$1                                 : loaded 2 times (x 72B)
Class org.gradle.api.internal.classpath.DefaultModuleRegistry$DefaultModule           : loaded 2 times (x 82B)
Class org.jetbrains.kotlin.idea.gradleTooling.model.lombok.LombokModel                : loaded 2 times (x 66B)
Class org.gradle.internal.time.DefaultCountdownTimer                                  : loaded 2 times (x 84B)
Class org.gradle.tooling.internal.gradle.DefaultBuildIdentifier                       : loaded 2 times (x 75B)
Class kotlin.Function                                                                 : loaded 2 times (x 66B)
Class org.gradle.api.internal.classpath.Module                                        : loaded 2 times (x 66B)
Class org.gradle.api.internal.classpath.UnknownModuleException                        : loaded 2 times (x 78B)
Class com.intellij.openapi.externalSystem.model.project.dependencies.ProjectDependencies: loaded 2 times (x 66B)
Class org.gradle.tooling.internal.gradle.GradleProjectIdentity                        : loaded 2 times (x 66B)
Class org.gradle.api.internal.DefaultClassPathRegistry                                : loaded 2 times (x 72B)
Class org.gradle.api.internal.ClassPathRegistry                                       : loaded 2 times (x 66B)
Class org.gradle.internal.classpath.DefaultClassPath$ImmutableUniqueList              : loaded 2 times (x 195B)
Class kotlin.enums.EnumEntriesList                                                    : loaded 2 times (x 219B)
Class Settings_gradle$1                                                               : loaded 2 times (x 70B)
Class org.gradle.internal.classpath.ClassPath                                         : loaded 2 times (x 66B)
Class org.gradle.api.UncheckedIOException                                             : loaded 2 times (x 78B)
Class org.jetbrains.kotlin.idea.gradleTooling.KotlinGradleModel                       : loaded 2 times (x 66B)
Class org.gradle.tooling.model.Model                                                  : loaded 2 times (x 66B)
Class kotlin.UninitializedPropertyAccessException                                     : loaded 2 times (x 78B)
Class org.jetbrains.plugins.gradle.model.IntelliJProjectSettings                      : loaded 2 times (x 66B)
Class org.jetbrains.kotlin.idea.gradleTooling.model.annotation.AnnotationBasedPluginModel: loaded 2 times (x 66B)
Class org.gradle.internal.installation.GradleInstallation$1                           : loaded 2 times (x 71B)
Class org.gradle.api.internal.classpath.ModuleRegistry                                : loaded 2 times (x 66B)
Class org.jetbrains.plugins.gradle.model.VersionCatalogsModel                         : loaded 2 times (x 66B)
Class org.gradle.api.internal.classpath.DefaultModuleRegistry                         : loaded 2 times (x 82B)
Class org.gradle.internal.time.MonotonicClock                                         : loaded 2 times (x 73B)
Class org.gradle.internal.service.ServiceLookupException                              : loaded 2 times (x 78B)
Class org.gradle.internal.classloader.ClassLoaderFactory                              : loaded 2 times (x 66B)
Class org.gradle.internal.service.CachingServiceLocator                               : loaded 2 times (x 78B)
Class org.jetbrains.plugins.gradle.model.RepositoryModels                             : loaded 2 times (x 66B)
Class org.gradle.internal.time.TimeSource                                             : loaded 2 times (x 66B)
Class org.gradle.tooling.internal.gradle.GradleBuildIdentity                          : loaded 2 times (x 66B)
Class kotlin.enums.EnumEntries                                                        : loaded 2 times (x 66B)
Class org.gradle.internal.exceptions.ResolutionProvider                               : loaded 2 times (x 66B)
Class org.gradle.tooling.model.ProjectIdentifier                                      : loaded 2 times (x 66B)
Class org.gradle.internal.classloader.ClasspathUtil                                   : loaded 2 times (x 67B)
Class org.gradle.internal.time.TimeSource$1                                           : loaded 2 times (x 73B)
Class kotlin.jvm.internal.DefaultConstructorMarker                                    : loaded 2 times (x 67B)
Class org.gradle.api.specs.Spec                                                       : loaded 2 times (x 66B)
Class sync_studio_tooling10_1tqce9kay89udeh0olxcerq8a                                 : loaded 2 times (x 175B)
Class org.gradle.internal.time.Clock                                                  : loaded 2 times (x 66B)
Class org.jetbrains.plugins.gradle.model.jar.JarTaskManifestConfiguration             : loaded 2 times (x 66B)
Class kotlin.collections.AbstractList                                                 : loaded 2 times (x 193B)
Class kotlin.collections.AbstractCollection                                           : loaded 2 times (x 113B)
Class org.gradle.internal.classloader.VisitableURLClassLoader$InstrumentingVisitableURLClassLoader: loaded 2 times (x 119B)
Class org.gradle.internal.classloader.VisitableURLClassLoader$Spec                    : loaded 2 times (x 70B)
Class org.gradle.internal.classpath.DefaultClassPath                                  : loaded 2 times (x 86B)
Class org.gradle.internal.classloader.ClassLoaderSpec                                 : loaded 2 times (x 67B)
Class Settings_gradle$1$1                                                             : loaded 2 times (x 70B)
Class org.gradle.internal.classloader.VisitableURLClassLoader                         : loaded 2 times (x 113B)
Class Settings_gradle                                                                 : loaded 2 times (x 124B)
Class org.gradle.internal.Cast                                                        : loaded 2 times (x 67B)
Class org.gradle.api.Action                                                           : loaded 2 times (x 66B)
Class kotlin.jvm.functions.Function1                                                  : loaded 2 times (x 66B)
Class org.gradle.internal.classpath.DefaultClassPath$ImmutableUniqueList$Builder      : loaded 2 times (x 71B)
Class org.jetbrains.kotlin.idea.gradleTooling.model.samWithReceiver.SamWithReceiverModel: loaded 2 times (x 66B)
Class org.gradle.internal.classloader.FilteringClassLoader                            : loaded 2 times (x 101B)
Class org.gradle.internal.exceptions.NonGradleCauseExceptionsHolder                   : loaded 2 times (x 66B)
Class org.jetbrains.kotlin.idea.gradleTooling.model.assignment.AssignmentModel        : loaded 2 times (x 66B)
Class kotlin.enums.EnumEntriesKt                                                      : loaded 2 times (x 67B)
Class org.gradle.internal.IoActions                                                   : loaded 2 times (x 67B)
Class org.gradle.internal.classloader.SystemClassLoaderSpec                           : loaded 2 times (x 67B)
Class org.gradle.internal.exceptions.MultiCauseException                              : loaded 2 times (x 66B)
Class org.gradle.internal.time.CountdownTimer                                         : loaded 2 times (x 66B)
Class kotlin.jvm.internal.Intrinsics                                                  : loaded 2 times (x 67B)
Class org.jetbrains.kotlin.idea.gradleTooling.model.parcelize.ParcelizeGradleModel    : loaded 2 times (x 66B)
Class org.gradle.tooling.model.ProjectModel                                           : loaded 2 times (x 66B)
Class kotlin.KotlinNullPointerException                                               : loaded 2 times (x 79B)
Class org.jetbrains.plugins.gradle.model.tests.ExternalTestsModel                     : loaded 2 times (x 66B)
Class org.gradle.internal.exceptions.DefaultMultiCauseException                       : loaded 2 times (x 91B)
Class org.gradle.internal.time.Time                                                   : loaded 2 times (x 67B)
Class org.jetbrains.plugins.gradle.model.DependencyAccessorsModel                     : loaded 2 times (x 66B)
Class org.gradle.api.internal.classpath.GlobalCacheRootsProvider                      : loaded 2 times (x 66B)
Class org.jetbrains.kotlin.idea.gradleTooling.KotlinMPPGradleModel                    : loaded 2 times (x 66B)
Class org.gradle.tooling.model.BuildIdentifier                                        : loaded 2 times (x 66B)
Class org.jetbrains.kotlin.idea.gradleTooling.PrepareKotlinIdeImportTaskModel         : loaded 2 times (x 66B)
Class org.gradle.internal.time.Timer                                                  : loaded 2 times (x 66B)
Class kotlin.jvm.internal.markers.KMappedMarker                                       : loaded 2 times (x 66B)
Class org.gradle.internal.installation.CurrentGradleInstallationLocator               : loaded 2 times (x 67B)
Class org.gradle.internal.service.DefaultServiceLocator                               : loaded 2 times (x 79B)
Class org.gradle.util.GradleVersion                                                   : loaded 2 times (x 79B)
Class org.gradle.internal.installation.CurrentGradleInstallation                      : loaded 2 times (x 69B)
Class org.gradle.util.internal.GUtil                                                  : loaded 2 times (x 67B)
Class org.gradle.internal.installation.GradleInstallation                             : loaded 2 times (x 71B)

---------------  S Y S T E M  ---------------

OS:
 Windows 10 , 64 bit Build 19041 (10.0.19041.5438)
OS uptime: 0 days 0:13 hours
Hyper-V role detected

CPU: total 4 (initial active 4) (4 cores per cpu, 1 threads per core) family 6 model 158 stepping 9 microcode 0xf2, cx8, cmov, fxsr, mmx, 3dnowpref, sse, sse2, sse3, ssse3, sse4.1, sse4.2, popcnt, lzcnt, tsc, tscinvbit, avx, avx2, aes, erms, clmul, bmi1, bmi2, rtm, adx, fma, vzeroupper, clflush, clflushopt, hv, rdtscp, f16c
Processor Information for all 4 processors :
  Max Mhz: 2712, Current Mhz: 2712, Mhz Limit: 2712

Memory: 4k page, system-wide physical 8067M (410M free)
TotalPageFile size 8804M (AvailPageFile size 7M)
current process WorkingSet (physical memory assigned to process): 331M, peak: 331M
current process commit charge ("private bytes"): 377M, peak: 379M

vm_info: OpenJDK 64-Bit Server VM (21.0.4+-12508038-b607.1) for windows-amd64 JRE (21.0.4+-12508038-b607.1), built on 2024-10-16T17:23:34Z by "builder" with MS VC++ 16.10 / 16.11 (VS2019)

END.
